[1.876s] Invoking command in '/home/assia/sy31_ws/src/detection_objets': PYTHONPATH=/home/assia/sy31_ws/build/detection_objets/prefix_override:/usr/lib/python3/dist-packages/colcon_core/task/python/colcon_distutils_commands:/home/assia/sy31_ws/install/detection_objets/lib/python3.12/site-packages:${PYTHONPATH} /usr/bin/python3 -W ignore:setup.py install is deprecated -W ignore:easy_install command is deprecated setup.py egg_info --egg-base ../../build/detection_objets build --build-base /home/assia/sy31_ws/build/detection_objets/build install --record /home/assia/sy31_ws/build/detection_objets/install.log --single-version-externally-managed install_data
[2.641s] running egg_info
[2.678s] writing ../../build/detection_objets/detection_objets.egg-info/PKG-INFO
[2.679s] writing dependency_links to ../../build/detection_objets/detection_objets.egg-info/dependency_links.txt
[2.680s] writing entry points to ../../build/detection_objets/detection_objets.egg-info/entry_points.txt
[2.680s] writing requirements to ../../build/detection_objets/detection_objets.egg-info/requires.txt
[2.681s] writing top-level names to ../../build/detection_objets/detection_objets.egg-info/top_level.txt
[2.755s] reading manifest file '../../build/detection_objets/detection_objets.egg-info/SOURCES.txt'
[2.757s] writing manifest file '../../build/detection_objets/detection_objets.egg-info/SOURCES.txt'
[2.757s] running build
[2.758s] running build_py
[2.758s] running install
[2.769s] running install_lib
[2.812s] running install_data
[2.813s] copying launch/launch.py -> /home/assia/sy31_ws/install/detection_objets/share/detection_objets/launch
[2.813s] running install_egg_info
[2.869s] removing '/home/assia/sy31_ws/install/detection_objets/lib/python3.12/site-packages/detection_objets-0.0.0-py3.12.egg-info' (and everything under it)
[2.870s] Copying ../../build/detection_objets/detection_objets.egg-info to /home/assia/sy31_ws/install/detection_objets/lib/python3.12/site-packages/detection_objets-0.0.0-py3.12.egg-info
[2.874s] running install_scripts
[3.171s] Installing camera_node script to /home/assia/sy31_ws/install/detection_objets/lib/detection_objets
[3.172s] Installing detector script to /home/assia/sy31_ws/install/detection_objets/lib/detection_objets
[3.173s] writing list of installed files to '/home/assia/sy31_ws/build/detection_objets/install.log'
[3.226s] Invoked command in '/home/assia/sy31_ws/src/detection_objets' returned '0': PYTHONPATH=/home/assia/sy31_ws/build/detection_objets/prefix_override:/usr/lib/python3/dist-packages/colcon_core/task/python/colcon_distutils_commands:/home/assia/sy31_ws/install/detection_objets/lib/python3.12/site-packages:${PYTHONPATH} /usr/bin/python3 -W ignore:setup.py install is deprecated -W ignore:easy_install command is deprecated setup.py egg_info --egg-base ../../build/detection_objets build --build-base /home/assia/sy31_ws/build/detection_objets/build install --record /home/assia/sy31_ws/build/detection_objets/install.log --single-version-externally-managed install_data
