[1.968s] Invoking command in '/home/assia/sy31_ws/src/detection_objets': PYTHONPATH=/home/assia/sy31_ws/build/detection_objets/prefix_override:/usr/lib/python3/dist-packages/colcon_core/task/python/colcon_distutils_commands:/home/assia/sy31_ws/install/detection_objets/lib/python3.12/site-packages:${PYTHONPATH} /usr/bin/python3 -W ignore:setup.py install is deprecated -W ignore:easy_install command is deprecated setup.py egg_info --egg-base ../../build/detection_objets build --build-base /home/assia/sy31_ws/build/detection_objets/build install --record /home/assia/sy31_ws/build/detection_objets/install.log --single-version-externally-managed install_data
[2.485s] running egg_info
[2.524s] writing ../../build/detection_objets/detection_objets.egg-info/PKG-INFO
[2.525s] writing dependency_links to ../../build/detection_objets/detection_objets.egg-info/dependency_links.txt
[2.526s] writing entry points to ../../build/detection_objets/detection_objets.egg-info/entry_points.txt
[2.527s] writing requirements to ../../build/detection_objets/detection_objets.egg-info/requires.txt
[2.528s] writing top-level names to ../../build/detection_objets/detection_objets.egg-info/top_level.txt
[2.611s] reading manifest file '../../build/detection_objets/detection_objets.egg-info/SOURCES.txt'
[2.613s] writing manifest file '../../build/detection_objets/detection_objets.egg-info/SOURCES.txt'
[2.613s] running build
[2.614s] running build_py
[2.614s] copying detection_objets/detection.py -> /home/assia/sy31_ws/build/detection_objets/build/lib/detection_objets
[2.615s] running install
[2.626s] running install_lib
[2.664s] copying /home/assia/sy31_ws/build/detection_objets/build/lib/detection_objets/detection.py -> /home/assia/sy31_ws/install/detection_objets/lib/python3.12/site-packages/detection_objets
[2.666s] byte-compiling /home/assia/sy31_ws/install/detection_objets/lib/python3.12/site-packages/detection_objets/detection.py to detection.cpython-312.pyc
[2.669s] running install_data
[2.670s] running install_egg_info
[2.709s] removing '/home/assia/sy31_ws/install/detection_objets/lib/python3.12/site-packages/detection_objets-0.0.0-py3.12.egg-info' (and everything under it)
[2.710s] Copying ../../build/detection_objets/detection_objets.egg-info to /home/assia/sy31_ws/install/detection_objets/lib/python3.12/site-packages/detection_objets-0.0.0-py3.12.egg-info
[2.714s] running install_scripts
[2.976s] Installing camera_node script to /home/assia/sy31_ws/install/detection_objets/lib/detection_objets
[2.976s] Installing detector script to /home/assia/sy31_ws/install/detection_objets/lib/detection_objets
[2.977s] writing list of installed files to '/home/assia/sy31_ws/build/detection_objets/install.log'
[3.024s] Invoked command in '/home/assia/sy31_ws/src/detection_objets' returned '0': PYTHONPATH=/home/assia/sy31_ws/build/detection_objets/prefix_override:/usr/lib/python3/dist-packages/colcon_core/task/python/colcon_distutils_commands:/home/assia/sy31_ws/install/detection_objets/lib/python3.12/site-packages:${PYTHONPATH} /usr/bin/python3 -W ignore:setup.py install is deprecated -W ignore:easy_install command is deprecated setup.py egg_info --egg-base ../../build/detection_objets build --build-base /home/assia/sy31_ws/build/detection_objets/build install --record /home/assia/sy31_ws/build/detection_objets/install.log --single-version-externally-managed install_data
