[1.925s] Invoking command in '/home/assia/sy31_ws/src/detection_objets': PYTHONPATH=/home/assia/sy31_ws/build/detection_objets/prefix_override:/usr/lib/python3/dist-packages/colcon_core/task/python/colcon_distutils_commands:/home/assia/sy31_ws/install/detection_objets/lib/python3.12/site-packages:${PYTHONPATH} /usr/bin/python3 -W ignore:setup.py install is deprecated -W ignore:easy_install command is deprecated setup.py egg_info --egg-base ../../build/detection_objets build --build-base /home/assia/sy31_ws/build/detection_objets/build install --record /home/assia/sy31_ws/build/detection_objets/install.log --single-version-externally-managed install_data
[2.520s] running egg_info
[2.571s] writing ../../build/detection_objets/detection_objets.egg-info/PKG-INFO
[2.572s] writing dependency_links to ../../build/detection_objets/detection_objets.egg-info/dependency_links.txt
[2.573s] writing entry points to ../../build/detection_objets/detection_objets.egg-info/entry_points.txt
[2.576s] writing requirements to ../../build/detection_objets/detection_objets.egg-info/requires.txt
[2.577s] writing top-level names to ../../build/detection_objets/detection_objets.egg-info/top_level.txt
[2.660s] reading manifest file '../../build/detection_objets/detection_objets.egg-info/SOURCES.txt'
[2.662s] writing manifest file '../../build/detection_objets/detection_objets.egg-info/SOURCES.txt'
[2.662s] running build
[2.663s] running build_py
[2.663s] copying detection_objets/detection.py -> /home/assia/sy31_ws/build/detection_objets/build/lib/detection_objets
[2.664s] running install
[2.675s] running install_lib
[2.718s] copying /home/assia/sy31_ws/build/detection_objets/build/lib/detection_objets/detection.py -> /home/assia/sy31_ws/install/detection_objets/lib/python3.12/site-packages/detection_objets
[2.719s] byte-compiling /home/assia/sy31_ws/install/detection_objets/lib/python3.12/site-packages/detection_objets/detection.py to detection.cpython-312.pyc
[2.722s] running install_data
[2.722s] running install_egg_info
[2.765s] removing '/home/assia/sy31_ws/install/detection_objets/lib/python3.12/site-packages/detection_objets-0.0.0-py3.12.egg-info' (and everything under it)
[2.766s] Copying ../../build/detection_objets/detection_objets.egg-info to /home/assia/sy31_ws/install/detection_objets/lib/python3.12/site-packages/detection_objets-0.0.0-py3.12.egg-info
[2.769s] running install_scripts
[3.103s] Installing camera_node script to /home/assia/sy31_ws/install/detection_objets/lib/detection_objets
[3.104s] Installing detector script to /home/assia/sy31_ws/install/detection_objets/lib/detection_objets
[3.105s] writing list of installed files to '/home/assia/sy31_ws/build/detection_objets/install.log'
[3.163s] Invoked command in '/home/assia/sy31_ws/src/detection_objets' returned '0': PYTHONPATH=/home/assia/sy31_ws/build/detection_objets/prefix_override:/usr/lib/python3/dist-packages/colcon_core/task/python/colcon_distutils_commands:/home/assia/sy31_ws/install/detection_objets/lib/python3.12/site-packages:${PYTHONPATH} /usr/bin/python3 -W ignore:setup.py install is deprecated -W ignore:easy_install command is deprecated setup.py egg_info --egg-base ../../build/detection_objets build --build-base /home/assia/sy31_ws/build/detection_objets/build install --record /home/assia/sy31_ws/build/detection_objets/install.log --single-version-externally-managed install_data
