[1.694s] Invoking command in '/home/assia/sy31_ws/src/detection_objets': PYTHONPATH=/home/assia/sy31_ws/build/detection_objets/prefix_override:/usr/lib/python3/dist-packages/colcon_core/task/python/colcon_distutils_commands:/home/assia/sy31_ws/install/detection_objets/lib/python3.12/site-packages:${PYTHONPATH} /usr/bin/python3 -W ignore:setup.py install is deprecated -W ignore:easy_install command is deprecated setup.py egg_info --egg-base ../../build/detection_objets build --build-base /home/assia/sy31_ws/build/detection_objets/build install --record /home/assia/sy31_ws/build/detection_objets/install.log --single-version-externally-managed install_data
[2.266s] running egg_info
[2.312s] writing ../../build/detection_objets/detection_objets.egg-info/PKG-INFO
[2.313s] writing dependency_links to ../../build/detection_objets/detection_objets.egg-info/dependency_links.txt
[2.313s] writing entry points to ../../build/detection_objets/detection_objets.egg-info/entry_points.txt
[2.314s] writing requirements to ../../build/detection_objets/detection_objets.egg-info/requires.txt
[2.314s] writing top-level names to ../../build/detection_objets/detection_objets.egg-info/top_level.txt
[2.401s] reading manifest file '../../build/detection_objets/detection_objets.egg-info/SOURCES.txt'
[2.403s] writing manifest file '../../build/detection_objets/detection_objets.egg-info/SOURCES.txt'
[2.404s] running build
[2.404s] running build_py
[2.405s] running install
[2.421s] running install_lib
[2.470s] running install_data
[2.471s] running install_egg_info
[2.520s] removing '/home/assia/sy31_ws/install/detection_objets/lib/python3.12/site-packages/detection_objets-0.0.0-py3.12.egg-info' (and everything under it)
[2.522s] Copying ../../build/detection_objets/detection_objets.egg-info to /home/assia/sy31_ws/install/detection_objets/lib/python3.12/site-packages/detection_objets-0.0.0-py3.12.egg-info
[2.526s] running install_scripts
[2.847s] Installing camera_node script to /home/assia/sy31_ws/install/detection_objets/lib/detection_objets
[2.848s] Installing detector script to /home/assia/sy31_ws/install/detection_objets/lib/detection_objets
[2.849s] writing list of installed files to '/home/assia/sy31_ws/build/detection_objets/install.log'
[2.900s] Invoked command in '/home/assia/sy31_ws/src/detection_objets' returned '0': PYTHONPATH=/home/assia/sy31_ws/build/detection_objets/prefix_override:/usr/lib/python3/dist-packages/colcon_core/task/python/colcon_distutils_commands:/home/assia/sy31_ws/install/detection_objets/lib/python3.12/site-packages:${PYTHONPATH} /usr/bin/python3 -W ignore:setup.py install is deprecated -W ignore:easy_install command is deprecated setup.py egg_info --egg-base ../../build/detection_objets build --build-base /home/assia/sy31_ws/build/detection_objets/build install --record /home/assia/sy31_ws/build/detection_objets/install.log --single-version-externally-managed install_data
