[1.196s] Invoking command in '/home/assia/sy31_ws/src/detection_objets': PYTHONPATH=/home/assia/sy31_ws/build/detection_objets/prefix_override:/usr/lib/python3/dist-packages/colcon_core/task/python/colcon_distutils_commands:/home/assia/sy31_ws/install/detection_objets/lib/python3.12/site-packages:${PYTHONPATH} /usr/bin/python3 -W ignore:setup.py install is deprecated -W ignore:easy_install command is deprecated setup.py egg_info --egg-base ../../build/detection_objets build --build-base /home/assia/sy31_ws/build/detection_objets/build install --record /home/assia/sy31_ws/build/detection_objets/install.log --single-version-externally-managed install_data
[1.597s] running egg_info
[1.626s] writing ../../build/detection_objets/detection_objets.egg-info/PKG-INFO
[1.626s] writing dependency_links to ../../build/detection_objets/detection_objets.egg-info/dependency_links.txt
[1.627s] writing entry points to ../../build/detection_objets/detection_objets.egg-info/entry_points.txt
[1.628s] writing requirements to ../../build/detection_objets/detection_objets.egg-info/requires.txt
[1.628s] writing top-level names to ../../build/detection_objets/detection_objets.egg-info/top_level.txt
[1.749s] reading manifest file '../../build/detection_objets/detection_objets.egg-info/SOURCES.txt'
[1.751s] writing manifest file '../../build/detection_objets/detection_objets.egg-info/SOURCES.txt'
[1.751s] running build
[1.751s] running build_py
[1.752s] running install
[1.760s] running install_lib
[1.792s] running install_data
[1.793s] copying launch/launch.py -> /home/assia/sy31_ws/install/detection_objets/share/detection_objets/launch
[1.793s] running install_egg_info
[1.829s] removing '/home/assia/sy31_ws/install/detection_objets/lib/python3.12/site-packages/detection_objets-0.0.0-py3.12.egg-info' (and everything under it)
[1.830s] Copying ../../build/detection_objets/detection_objets.egg-info to /home/assia/sy31_ws/install/detection_objets/lib/python3.12/site-packages/detection_objets-0.0.0-py3.12.egg-info
[1.832s] running install_scripts
[2.023s] Installing camera_node script to /home/assia/sy31_ws/install/detection_objets/lib/detection_objets
[2.024s] Installing detector script to /home/assia/sy31_ws/install/detection_objets/lib/detection_objets
[2.024s] writing list of installed files to '/home/assia/sy31_ws/build/detection_objets/install.log'
[2.067s] Invoked command in '/home/assia/sy31_ws/src/detection_objets' returned '0': PYTHONPATH=/home/assia/sy31_ws/build/detection_objets/prefix_override:/usr/lib/python3/dist-packages/colcon_core/task/python/colcon_distutils_commands:/home/assia/sy31_ws/install/detection_objets/lib/python3.12/site-packages:${PYTHONPATH} /usr/bin/python3 -W ignore:setup.py install is deprecated -W ignore:easy_install command is deprecated setup.py egg_info --egg-base ../../build/detection_objets build --build-base /home/assia/sy31_ws/build/detection_objets/build install --record /home/assia/sy31_ws/build/detection_objets/install.log --single-version-externally-managed install_data
