[15.631s] Invoking command in '/home/assia/sy31_ws/src/detection_objets': PYTHONPATH=/home/assia/sy31_ws/build/detection_objets/prefix_override:/usr/lib/python3/dist-packages/colcon_core/task/python/colcon_distutils_commands:/home/assia/sy31_ws/install/detection_objets/lib/python3.12/site-packages:${PYTHONPATH} /usr/bin/python3 -W ignore:setup.py install is deprecated -W ignore:easy_install command is deprecated setup.py egg_info --egg-base ../../build/detection_objets build --build-base /home/assia/sy31_ws/build/detection_objets/build install --record /home/assia/sy31_ws/build/detection_objets/install.log --single-version-externally-managed install_data
[24.429s] running egg_info
[25.179s] writing ../../build/detection_objets/detection_objets.egg-info/PKG-INFO
[25.185s] writing dependency_links to ../../build/detection_objets/detection_objets.egg-info/dependency_links.txt
[25.198s] writing entry points to ../../build/detection_objets/detection_objets.egg-info/entry_points.txt
[25.202s] writing requirements to ../../build/detection_objets/detection_objets.egg-info/requires.txt
[25.205s] writing top-level names to ../../build/detection_objets/detection_objets.egg-info/top_level.txt
[26.795s] reading manifest file '../../build/detection_objets/detection_objets.egg-info/SOURCES.txt'
[26.822s] writing manifest file '../../build/detection_objets/detection_objets.egg-info/SOURCES.txt'
[26.842s] running build
[26.845s] running build_py
[26.847s] copying detection_objets/detection.py -> /home/assia/sy31_ws/build/detection_objets/build/lib/detection_objets
[26.855s] running install
[27.035s] running install_lib
[27.994s] copying /home/assia/sy31_ws/build/detection_objets/build/lib/detection_objets/detection.py -> /home/assia/sy31_ws/install/detection_objets/lib/python3.12/site-packages/detection_objets
[27.996s] byte-compiling /home/assia/sy31_ws/install/detection_objets/lib/python3.12/site-packages/detection_objets/detection.py to detection.cpython-312.pyc
[28.035s] running install_data
[28.039s] running install_egg_info
[28.848s] removing '/home/assia/sy31_ws/install/detection_objets/lib/python3.12/site-packages/detection_objets-0.0.0-py3.12.egg-info' (and everything under it)
[28.863s] Copying ../../build/detection_objets/detection_objets.egg-info to /home/assia/sy31_ws/install/detection_objets/lib/python3.12/site-packages/detection_objets-0.0.0-py3.12.egg-info
[28.912s] running install_scripts
[33.459s] Installing camera_node script to /home/assia/sy31_ws/install/detection_objets/lib/detection_objets
[33.471s] Installing detector script to /home/assia/sy31_ws/install/detection_objets/lib/detection_objets
[33.476s] writing list of installed files to '/home/assia/sy31_ws/build/detection_objets/install.log'
[34.020s] Invoked command in '/home/assia/sy31_ws/src/detection_objets' returned '0': PYTHONPATH=/home/assia/sy31_ws/build/detection_objets/prefix_override:/usr/lib/python3/dist-packages/colcon_core/task/python/colcon_distutils_commands:/home/assia/sy31_ws/install/detection_objets/lib/python3.12/site-packages:${PYTHONPATH} /usr/bin/python3 -W ignore:setup.py install is deprecated -W ignore:easy_install command is deprecated setup.py egg_info --egg-base ../../build/detection_objets build --build-base /home/assia/sy31_ws/build/detection_objets/build install --record /home/assia/sy31_ws/build/detection_objets/install.log --single-version-externally-managed install_data
