[1.873s] Invoking command in '/home/assia/sy31_ws/src/detection_objets': PYTHONPATH=/home/assia/sy31_ws/build/detection_objets/prefix_override:/usr/lib/python3/dist-packages/colcon_core/task/python/colcon_distutils_commands:/home/assia/sy31_ws/install/detection_objets/lib/python3.12/site-packages:${PYTHONPATH} /usr/bin/python3 -W ignore:setup.py install is deprecated -W ignore:easy_install command is deprecated setup.py egg_info --egg-base ../../build/detection_objets build --build-base /home/assia/sy31_ws/build/detection_objets/build install --record /home/assia/sy31_ws/build/detection_objets/install.log --single-version-externally-managed install_data
[2.413s] running egg_info
[2.454s] writing ../../build/detection_objets/detection_objets.egg-info/PKG-INFO
[2.458s] writing dependency_links to ../../build/detection_objets/detection_objets.egg-info/dependency_links.txt
[2.459s] writing entry points to ../../build/detection_objets/detection_objets.egg-info/entry_points.txt
[2.460s] writing requirements to ../../build/detection_objets/detection_objets.egg-info/requires.txt
[2.460s] writing top-level names to ../../build/detection_objets/detection_objets.egg-info/top_level.txt
[2.550s] reading manifest file '../../build/detection_objets/detection_objets.egg-info/SOURCES.txt'
[2.552s] writing manifest file '../../build/detection_objets/detection_objets.egg-info/SOURCES.txt'
[2.553s] running build
[2.553s] running build_py
[2.554s] copying detection_objets/node_camera.py -> /home/assia/sy31_ws/build/detection_objets/build/lib/detection_objets
[2.555s] copying detection_objets/detection.py -> /home/assia/sy31_ws/build/detection_objets/build/lib/detection_objets
[2.556s] running install
[2.570s] running install_lib
[2.618s] copying /home/assia/sy31_ws/build/detection_objets/build/lib/detection_objets/node_camera.py -> /home/assia/sy31_ws/install/detection_objets/lib/python3.12/site-packages/detection_objets
[2.618s] copying /home/assia/sy31_ws/build/detection_objets/build/lib/detection_objets/detection.py -> /home/assia/sy31_ws/install/detection_objets/lib/python3.12/site-packages/detection_objets
[2.620s] byte-compiling /home/assia/sy31_ws/install/detection_objets/lib/python3.12/site-packages/detection_objets/node_camera.py to node_camera.cpython-312.pyc
[2.623s] byte-compiling /home/assia/sy31_ws/install/detection_objets/lib/python3.12/site-packages/detection_objets/detection.py to detection.cpython-312.pyc
[2.626s] running install_data
[2.627s] running install_egg_info
[2.668s] removing '/home/assia/sy31_ws/install/detection_objets/lib/python3.12/site-packages/detection_objets-0.0.0-py3.12.egg-info' (and everything under it)
[2.668s] Copying ../../build/detection_objets/detection_objets.egg-info to /home/assia/sy31_ws/install/detection_objets/lib/python3.12/site-packages/detection_objets-0.0.0-py3.12.egg-info
[2.674s] running install_scripts
[3.019s] Installing camera_node script to /home/assia/sy31_ws/install/detection_objets/lib/detection_objets
[3.019s] Installing detector script to /home/assia/sy31_ws/install/detection_objets/lib/detection_objets
[3.021s] writing list of installed files to '/home/assia/sy31_ws/build/detection_objets/install.log'
[3.092s] Invoked command in '/home/assia/sy31_ws/src/detection_objets' returned '0': PYTHONPATH=/home/assia/sy31_ws/build/detection_objets/prefix_override:/usr/lib/python3/dist-packages/colcon_core/task/python/colcon_distutils_commands:/home/assia/sy31_ws/install/detection_objets/lib/python3.12/site-packages:${PYTHONPATH} /usr/bin/python3 -W ignore:setup.py install is deprecated -W ignore:easy_install command is deprecated setup.py egg_info --egg-base ../../build/detection_objets build --build-base /home/assia/sy31_ws/build/detection_objets/build install --record /home/assia/sy31_ws/build/detection_objets/install.log --single-version-externally-managed install_data
