[2.113s] Invoking command in '/home/assia/sy31_ws/src/detection_objets': PYTHONPATH=/home/assia/sy31_ws/build/detection_objets/prefix_override:/usr/lib/python3/dist-packages/colcon_core/task/python/colcon_distutils_commands:/home/assia/sy31_ws/install/detection_objets/lib/python3.12/site-packages:${PYTHONPATH} /usr/bin/python3 -W ignore:setup.py install is deprecated -W ignore:easy_install command is deprecated setup.py egg_info --egg-base ../../build/detection_objets build --build-base /home/assia/sy31_ws/build/detection_objets/build install --record /home/assia/sy31_ws/build/detection_objets/install.log --single-version-externally-managed install_data
[2.727s] running egg_info
[2.774s] writing ../../build/detection_objets/detection_objets.egg-info/PKG-INFO
[2.775s] writing dependency_links to ../../build/detection_objets/detection_objets.egg-info/dependency_links.txt
[2.776s] writing entry points to ../../build/detection_objets/detection_objets.egg-info/entry_points.txt
[2.777s] writing requirements to ../../build/detection_objets/detection_objets.egg-info/requires.txt
[2.778s] writing top-level names to ../../build/detection_objets/detection_objets.egg-info/top_level.txt
[2.867s] reading manifest file '../../build/detection_objets/detection_objets.egg-info/SOURCES.txt'
[2.868s] writing manifest file '../../build/detection_objets/detection_objets.egg-info/SOURCES.txt'
[2.869s] running build
[2.869s] running build_py
[2.870s] running install
[2.879s] running install_lib
[2.923s] running install_data
[2.923s] running install_egg_info
[2.972s] removing '/home/assia/sy31_ws/install/detection_objets/lib/python3.12/site-packages/detection_objets-0.0.0-py3.12.egg-info' (and everything under it)
[2.973s] Copying ../../build/detection_objets/detection_objets.egg-info to /home/assia/sy31_ws/install/detection_objets/lib/python3.12/site-packages/detection_objets-0.0.0-py3.12.egg-info
[2.976s] running install_scripts
[3.253s] Installing camera_node script to /home/assia/sy31_ws/install/detection_objets/lib/detection_objets
[3.254s] Installing detector script to /home/assia/sy31_ws/install/detection_objets/lib/detection_objets
[3.255s] writing list of installed files to '/home/assia/sy31_ws/build/detection_objets/install.log'
[3.318s] Invoked command in '/home/assia/sy31_ws/src/detection_objets' returned '0': PYTHONPATH=/home/assia/sy31_ws/build/detection_objets/prefix_override:/usr/lib/python3/dist-packages/colcon_core/task/python/colcon_distutils_commands:/home/assia/sy31_ws/install/detection_objets/lib/python3.12/site-packages:${PYTHONPATH} /usr/bin/python3 -W ignore:setup.py install is deprecated -W ignore:easy_install command is deprecated setup.py egg_info --egg-base ../../build/detection_objets build --build-base /home/assia/sy31_ws/build/detection_objets/build install --record /home/assia/sy31_ws/build/detection_objets/install.log --single-version-externally-managed install_data
