/home/assia/sy31_ws/install/detection_objets/lib/python3.12/site-packages/detection_objets/clusterer1.py
/home/assia/sy31_ws/install/detection_objets/lib/python3.12/site-packages/detection_objets/__init__.py
/home/assia/sy31_ws/install/detection_objets/lib/python3.12/site-packages/detection_objets/clusterer.py
/home/assia/sy31_ws/install/detection_objets/lib/python3.12/site-packages/detection_objets/node_camera.py
/home/assia/sy31_ws/install/detection_objets/lib/python3.12/site-packages/detection_objets/detection.py
/home/assia/sy31_ws/install/detection_objets/lib/python3.12/site-packages/detection_objets/node_lidar.py
/home/assia/sy31_ws/install/detection_objets/lib/python3.12/site-packages/detection_objets/utils.py
/home/assia/sy31_ws/install/detection_objets/lib/python3.12/site-packages/detection_objets/transformer.py
/home/assia/sy31_ws/install/detection_objets/lib/python3.12/site-packages/detection_objets/__pycache__/clusterer1.cpython-312.pyc
/home/assia/sy31_ws/install/detection_objets/lib/python3.12/site-packages/detection_objets/__pycache__/__init__.cpython-312.pyc
/home/assia/sy31_ws/install/detection_objets/lib/python3.12/site-packages/detection_objets/__pycache__/clusterer.cpython-312.pyc
/home/assia/sy31_ws/install/detection_objets/lib/python3.12/site-packages/detection_objets/__pycache__/node_camera.cpython-312.pyc
/home/assia/sy31_ws/install/detection_objets/lib/python3.12/site-packages/detection_objets/__pycache__/detection.cpython-312.pyc
/home/assia/sy31_ws/install/detection_objets/lib/python3.12/site-packages/detection_objets/__pycache__/node_lidar.cpython-312.pyc
/home/assia/sy31_ws/install/detection_objets/lib/python3.12/site-packages/detection_objets/__pycache__/utils.cpython-312.pyc
/home/assia/sy31_ws/install/detection_objets/lib/python3.12/site-packages/detection_objets/__pycache__/transformer.cpython-312.pyc
/home/assia/sy31_ws/install/detection_objets/share/ament_index/resource_index/packages/detection_objets
/home/assia/sy31_ws/install/detection_objets/share/detection_objets/package.xml
/home/assia/sy31_ws/install/detection_objets/share/detection_objets/launch/launch.py
/home/assia/sy31_ws/install/detection_objets/lib/python3.12/site-packages/detection_objets-0.0.0-py3.12.egg-info/PKG-INFO
/home/assia/sy31_ws/install/detection_objets/lib/python3.12/site-packages/detection_objets-0.0.0-py3.12.egg-info/SOURCES.txt
/home/assia/sy31_ws/install/detection_objets/lib/python3.12/site-packages/detection_objets-0.0.0-py3.12.egg-info/entry_points.txt
/home/assia/sy31_ws/install/detection_objets/lib/python3.12/site-packages/detection_objets-0.0.0-py3.12.egg-info/top_level.txt
/home/assia/sy31_ws/install/detection_objets/lib/python3.12/site-packages/detection_objets-0.0.0-py3.12.egg-info/zip-safe
/home/assia/sy31_ws/install/detection_objets/lib/python3.12/site-packages/detection_objets-0.0.0-py3.12.egg-info/requires.txt
/home/assia/sy31_ws/install/detection_objets/lib/python3.12/site-packages/detection_objets-0.0.0-py3.12.egg-info/dependency_links.txt
/home/assia/sy31_ws/install/detection_objets/lib/detection_objets/camera_node
/home/assia/sy31_ws/install/detection_objets/lib/detection_objets/clusterer
/home/assia/sy31_ws/install/detection_objets/lib/detection_objets/clusterer1
/home/assia/sy31_ws/install/detection_objets/lib/detection_objets/detector
/home/assia/sy31_ws/install/detection_objets/lib/detection_objets/intensity_filter
/home/assia/sy31_ws/install/detection_objets/lib/detection_objets/transformer
