running egg_info
creating ../../build/detection_objets/detection_objets.egg-info
writing ../../build/detection_objets/detection_objets.egg-info/PKG-INFO
writing dependency_links to ../../build/detection_objets/detection_objets.egg-info/dependency_links.txt
writing requirements to ../../build/detection_objets/detection_objets.egg-info/requires.txt
writing top-level names to ../../build/detection_objets/detection_objets.egg-info/top_level.txt
writing manifest file '../../build/detection_objets/detection_objets.egg-info/SOURCES.txt'
reading manifest file '../../build/detection_objets/detection_objets.egg-info/SOURCES.txt'
writing manifest file '../../build/detection_objets/detection_objets.egg-info/SOURCES.txt'
running build
running build_py
creating /home/assia/sy31_ws/build/detection_objets/build
creating /home/assia/sy31_ws/build/detection_objets/build/lib
creating /home/assia/sy31_ws/build/detection_objets/build/lib/detection_objets
copying detection_objets/__init__.py -> /home/assia/sy31_ws/build/detection_objets/build/lib/detection_objets
running install
running install_lib
creating /home/assia/sy31_ws/install/detection_objets/lib/python3.12/site-packages/detection_objets
copying /home/assia/sy31_ws/build/detection_objets/build/lib/detection_objets/__init__.py -> /home/assia/sy31_ws/install/detection_objets/lib/python3.12/site-packages/detection_objets
byte-compiling /home/assia/sy31_ws/install/detection_objets/lib/python3.12/site-packages/detection_objets/__init__.py to __init__.cpython-312.pyc
running install_data
creating /home/assia/sy31_ws/install/detection_objets/share/ament_index
creating /home/assia/sy31_ws/install/detection_objets/share/ament_index/resource_index
creating /home/assia/sy31_ws/install/detection_objets/share/ament_index/resource_index/packages
copying resource/detection_objets -> /home/assia/sy31_ws/install/detection_objets/share/ament_index/resource_index/packages
copying package.xml -> /home/assia/sy31_ws/install/detection_objets/share/detection_objets
running install_egg_info
Copying ../../build/detection_objets/detection_objets.egg-info to /home/assia/sy31_ws/install/detection_objets/lib/python3.12/site-packages/detection_objets-0.0.0-py3.12.egg-info
running install_scripts
writing list of installed files to '/home/assia/sy31_ws/build/detection_objets/install.log'
