[2.639s] Invoking command in '/home/assia/sy31_ws/src/detection_objets': PYTHONPATH=/home/assia/sy31_ws/build/detection_objets/prefix_override:/usr/lib/python3/dist-packages/colcon_core/task/python/colcon_distutils_commands:/home/assia/sy31_ws/install/detection_objets/lib/python3.12/site-packages:${PYTHONPATH} /usr/bin/python3 -W ignore:setup.py install is deprecated -W ignore:easy_install command is deprecated setup.py egg_info --egg-base ../../build/detection_objets build --build-base /home/assia/sy31_ws/build/detection_objets/build install --record /home/assia/sy31_ws/build/detection_objets/install.log --single-version-externally-managed install_data
[3.134s] running egg_info
[3.135s] creating ../../build/detection_objets/detection_objets.egg-info
[3.189s] writing ../../build/detection_objets/detection_objets.egg-info/PKG-INFO
[3.190s] writing dependency_links to ../../build/detection_objets/detection_objets.egg-info/dependency_links.txt
[3.191s] writing requirements to ../../build/detection_objets/detection_objets.egg-info/requires.txt
[3.192s] writing top-level names to ../../build/detection_objets/detection_objets.egg-info/top_level.txt
[3.193s] writing manifest file '../../build/detection_objets/detection_objets.egg-info/SOURCES.txt'
[3.300s] reading manifest file '../../build/detection_objets/detection_objets.egg-info/SOURCES.txt'
[3.301s] writing manifest file '../../build/detection_objets/detection_objets.egg-info/SOURCES.txt'
[3.304s] running build
[3.304s] running build_py
[3.304s] creating /home/assia/sy31_ws/build/detection_objets/build
[3.305s] creating /home/assia/sy31_ws/build/detection_objets/build/lib
[3.306s] creating /home/assia/sy31_ws/build/detection_objets/build/lib/detection_objets
[3.306s] copying detection_objets/__init__.py -> /home/assia/sy31_ws/build/detection_objets/build/lib/detection_objets
[3.307s] running install
[3.317s] running install_lib
[3.349s] creating /home/assia/sy31_ws/install/detection_objets/lib/python3.12/site-packages/detection_objets
[3.349s] copying /home/assia/sy31_ws/build/detection_objets/build/lib/detection_objets/__init__.py -> /home/assia/sy31_ws/install/detection_objets/lib/python3.12/site-packages/detection_objets
[3.350s] byte-compiling /home/assia/sy31_ws/install/detection_objets/lib/python3.12/site-packages/detection_objets/__init__.py to __init__.cpython-312.pyc
[3.351s] running install_data
[3.352s] creating /home/assia/sy31_ws/install/detection_objets/share/ament_index
[3.352s] creating /home/assia/sy31_ws/install/detection_objets/share/ament_index/resource_index
[3.353s] creating /home/assia/sy31_ws/install/detection_objets/share/ament_index/resource_index/packages
[3.353s] copying resource/detection_objets -> /home/assia/sy31_ws/install/detection_objets/share/ament_index/resource_index/packages
[3.354s] copying package.xml -> /home/assia/sy31_ws/install/detection_objets/share/detection_objets
[3.354s] running install_egg_info
[3.388s] Copying ../../build/detection_objets/detection_objets.egg-info to /home/assia/sy31_ws/install/detection_objets/lib/python3.12/site-packages/detection_objets-0.0.0-py3.12.egg-info
[3.391s] running install_scripts
[3.692s] writing list of installed files to '/home/assia/sy31_ws/build/detection_objets/install.log'
[3.737s] Invoked command in '/home/assia/sy31_ws/src/detection_objets' returned '0': PYTHONPATH=/home/assia/sy31_ws/build/detection_objets/prefix_override:/usr/lib/python3/dist-packages/colcon_core/task/python/colcon_distutils_commands:/home/assia/sy31_ws/install/detection_objets/lib/python3.12/site-packages:${PYTHONPATH} /usr/bin/python3 -W ignore:setup.py install is deprecated -W ignore:easy_install command is deprecated setup.py egg_info --egg-base ../../build/detection_objets build --build-base /home/assia/sy31_ws/build/detection_objets/build install --record /home/assia/sy31_ws/build/detection_objets/install.log --single-version-externally-managed install_data
