[3.664s] Invoking command in '/home/assia/sy31_ws/src/detection_objets': PYTHONPATH=/home/assia/sy31_ws/build/detection_objets/prefix_override:/usr/lib/python3/dist-packages/colcon_core/task/python/colcon_distutils_commands:/home/assia/sy31_ws/install/detection_objets/lib/python3.12/site-packages:${PYTHONPATH} /usr/bin/python3 -W ignore:setup.py install is deprecated -W ignore:easy_install command is deprecated setup.py egg_info --egg-base ../../build/detection_objets build --build-base /home/assia/sy31_ws/build/detection_objets/build install --record /home/assia/sy31_ws/build/detection_objets/install.log --single-version-externally-managed install_data
[4.703s] running egg_info
[4.778s] writing ../../build/detection_objets/detection_objets.egg-info/PKG-INFO
[4.780s] writing dependency_links to ../../build/detection_objets/detection_objets.egg-info/dependency_links.txt
[4.781s] writing entry points to ../../build/detection_objets/detection_objets.egg-info/entry_points.txt
[4.782s] writing requirements to ../../build/detection_objets/detection_objets.egg-info/requires.txt
[4.782s] writing top-level names to ../../build/detection_objets/detection_objets.egg-info/top_level.txt
[4.918s] reading manifest file '../../build/detection_objets/detection_objets.egg-info/SOURCES.txt'
[4.922s] writing manifest file '../../build/detection_objets/detection_objets.egg-info/SOURCES.txt'
[4.924s] running build
[4.924s] running build_py
[4.926s] copying detection_objets/node_camera.py -> /home/assia/sy31_ws/build/detection_objets/build/lib/detection_objets
[4.944s] copying detection_objets/detection.py -> /home/assia/sy31_ws/build/detection_objets/build/lib/detection_objets
[4.947s] running install
[4.958s] running install_lib
[5.095s] copying /home/assia/sy31_ws/build/detection_objets/build/lib/detection_objets/node_camera.py -> /home/assia/sy31_ws/install/detection_objets/lib/python3.12/site-packages/detection_objets
[5.097s] copying /home/assia/sy31_ws/build/detection_objets/build/lib/detection_objets/detection.py -> /home/assia/sy31_ws/install/detection_objets/lib/python3.12/site-packages/detection_objets
[5.107s] byte-compiling /home/assia/sy31_ws/install/detection_objets/lib/python3.12/site-packages/detection_objets/node_camera.py to node_camera.cpython-312.pyc
[5.115s] byte-compiling /home/assia/sy31_ws/install/detection_objets/lib/python3.12/site-packages/detection_objets/detection.py to detection.cpython-312.pyc
[5.123s] running install_data
[5.123s] running install_egg_info
[5.303s] removing '/home/assia/sy31_ws/install/detection_objets/lib/python3.12/site-packages/detection_objets-0.0.0-py3.12.egg-info' (and everything under it)
[5.316s] Copying ../../build/detection_objets/detection_objets.egg-info to /home/assia/sy31_ws/install/detection_objets/lib/python3.12/site-packages/detection_objets-0.0.0-py3.12.egg-info
[5.337s] running install_scripts
[5.973s] Installing camera_node script to /home/assia/sy31_ws/install/detection_objets/lib/detection_objets
[5.978s] Installing detector script to /home/assia/sy31_ws/install/detection_objets/lib/detection_objets
[5.979s] writing list of installed files to '/home/assia/sy31_ws/build/detection_objets/install.log'
[6.074s] Invoked command in '/home/assia/sy31_ws/src/detection_objets' returned '0': PYTHONPATH=/home/assia/sy31_ws/build/detection_objets/prefix_override:/usr/lib/python3/dist-packages/colcon_core/task/python/colcon_distutils_commands:/home/assia/sy31_ws/install/detection_objets/lib/python3.12/site-packages:${PYTHONPATH} /usr/bin/python3 -W ignore:setup.py install is deprecated -W ignore:easy_install command is deprecated setup.py egg_info --egg-base ../../build/detection_objets build --build-base /home/assia/sy31_ws/build/detection_objets/build install --record /home/assia/sy31_ws/build/detection_objets/install.log --single-version-externally-managed install_data
