[1.285s] Invoking command in '/home/assia/sy31_ws/src/detection_objets': PYTHONPATH=/home/assia/sy31_ws/build/detection_objets/prefix_override:/usr/lib/python3/dist-packages/colcon_core/task/python/colcon_distutils_commands:/home/assia/sy31_ws/install/detection_objets/lib/python3.12/site-packages:${PYTHONPATH} /usr/bin/python3 -W ignore:setup.py install is deprecated -W ignore:easy_install command is deprecated setup.py egg_info --egg-base ../../build/detection_objets build --build-base /home/assia/sy31_ws/build/detection_objets/build install --record /home/assia/sy31_ws/build/detection_objets/install.log --single-version-externally-managed install_data
[1.699s] running egg_info
[1.726s] writing ../../build/detection_objets/detection_objets.egg-info/PKG-INFO
[1.727s] writing dependency_links to ../../build/detection_objets/detection_objets.egg-info/dependency_links.txt
[1.728s] writing entry points to ../../build/detection_objets/detection_objets.egg-info/entry_points.txt
[1.728s] writing requirements to ../../build/detection_objets/detection_objets.egg-info/requires.txt
[1.728s] writing top-level names to ../../build/detection_objets/detection_objets.egg-info/top_level.txt
[1.792s] reading manifest file '../../build/detection_objets/detection_objets.egg-info/SOURCES.txt'
[1.793s] writing manifest file '../../build/detection_objets/detection_objets.egg-info/SOURCES.txt'
[1.794s] running build
[1.794s] running build_py
[1.794s] copying detection_objets/detection.py -> /home/assia/sy31_ws/build/detection_objets/build/lib/detection_objets
[1.795s] running install
[1.802s] running install_lib
[1.833s] copying /home/assia/sy31_ws/build/detection_objets/build/lib/detection_objets/detection.py -> /home/assia/sy31_ws/install/detection_objets/lib/python3.12/site-packages/detection_objets
[1.834s] byte-compiling /home/assia/sy31_ws/install/detection_objets/lib/python3.12/site-packages/detection_objets/detection.py to detection.cpython-312.pyc
[1.836s] running install_data
[1.837s] copying launch/launch.py -> /home/assia/sy31_ws/install/detection_objets/share/detection_objets/launch
[1.837s] running install_egg_info
[1.872s] removing '/home/assia/sy31_ws/install/detection_objets/lib/python3.12/site-packages/detection_objets-0.0.0-py3.12.egg-info' (and everything under it)
[1.873s] Copying ../../build/detection_objets/detection_objets.egg-info to /home/assia/sy31_ws/install/detection_objets/lib/python3.12/site-packages/detection_objets-0.0.0-py3.12.egg-info
[1.876s] running install_scripts
[2.092s] Installing camera_node script to /home/assia/sy31_ws/install/detection_objets/lib/detection_objets
[2.093s] Installing detector script to /home/assia/sy31_ws/install/detection_objets/lib/detection_objets
[2.093s] writing list of installed files to '/home/assia/sy31_ws/build/detection_objets/install.log'
[2.143s] Invoked command in '/home/assia/sy31_ws/src/detection_objets' returned '0': PYTHONPATH=/home/assia/sy31_ws/build/detection_objets/prefix_override:/usr/lib/python3/dist-packages/colcon_core/task/python/colcon_distutils_commands:/home/assia/sy31_ws/install/detection_objets/lib/python3.12/site-packages:${PYTHONPATH} /usr/bin/python3 -W ignore:setup.py install is deprecated -W ignore:easy_install command is deprecated setup.py egg_info --egg-base ../../build/detection_objets build --build-base /home/assia/sy31_ws/build/detection_objets/build install --record /home/assia/sy31_ws/build/detection_objets/install.log --single-version-externally-managed install_data
