[2.133s] Invoking command in '/home/assia/sy31_ws/src/detection_objets': PYTHONPATH=/home/assia/sy31_ws/build/detection_objets/prefix_override:/usr/lib/python3/dist-packages/colcon_core/task/python/colcon_distutils_commands:/home/assia/sy31_ws/install/detection_objets/lib/python3.12/site-packages:${PYTHONPATH} /usr/bin/python3 -W ignore:setup.py install is deprecated -W ignore:easy_install command is deprecated setup.py egg_info --egg-base ../../build/detection_objets build --build-base /home/assia/sy31_ws/build/detection_objets/build install --record /home/assia/sy31_ws/build/detection_objets/install.log --single-version-externally-managed install_data
[2.729s] running egg_info
[2.778s] writing ../../build/detection_objets/detection_objets.egg-info/PKG-INFO
[2.779s] writing dependency_links to ../../build/detection_objets/detection_objets.egg-info/dependency_links.txt
[2.780s] writing entry points to ../../build/detection_objets/detection_objets.egg-info/entry_points.txt
[2.781s] writing requirements to ../../build/detection_objets/detection_objets.egg-info/requires.txt
[2.781s] writing top-level names to ../../build/detection_objets/detection_objets.egg-info/top_level.txt
[2.962s] reading manifest file '../../build/detection_objets/detection_objets.egg-info/SOURCES.txt'
[2.964s] writing manifest file '../../build/detection_objets/detection_objets.egg-info/SOURCES.txt'
[2.965s] running build
[2.966s] running build_py
[2.966s] copying detection_objets/detection.py -> /home/assia/sy31_ws/build/detection_objets/build/lib/detection_objets
[2.967s] running install
[2.979s] running install_lib
[3.037s] copying /home/assia/sy31_ws/build/detection_objets/build/lib/detection_objets/detection.py -> /home/assia/sy31_ws/install/detection_objets/lib/python3.12/site-packages/detection_objets
[3.038s] byte-compiling /home/assia/sy31_ws/install/detection_objets/lib/python3.12/site-packages/detection_objets/detection.py to detection.cpython-312.pyc
[3.040s] running install_data
[3.040s] running install_egg_info
[3.082s] removing '/home/assia/sy31_ws/install/detection_objets/lib/python3.12/site-packages/detection_objets-0.0.0-py3.12.egg-info' (and everything under it)
[3.084s] Copying ../../build/detection_objets/detection_objets.egg-info to /home/assia/sy31_ws/install/detection_objets/lib/python3.12/site-packages/detection_objets-0.0.0-py3.12.egg-info
[3.086s] running install_scripts
[3.473s] Installing camera_node script to /home/assia/sy31_ws/install/detection_objets/lib/detection_objets
[3.476s] Installing detector script to /home/assia/sy31_ws/install/detection_objets/lib/detection_objets
[3.478s] writing list of installed files to '/home/assia/sy31_ws/build/detection_objets/install.log'
[3.546s] Invoked command in '/home/assia/sy31_ws/src/detection_objets' returned '0': PYTHONPATH=/home/assia/sy31_ws/build/detection_objets/prefix_override:/usr/lib/python3/dist-packages/colcon_core/task/python/colcon_distutils_commands:/home/assia/sy31_ws/install/detection_objets/lib/python3.12/site-packages:${PYTHONPATH} /usr/bin/python3 -W ignore:setup.py install is deprecated -W ignore:easy_install command is deprecated setup.py egg_info --egg-base ../../build/detection_objets build --build-base /home/assia/sy31_ws/build/detection_objets/build install --record /home/assia/sy31_ws/build/detection_objets/install.log --single-version-externally-managed install_data
