[0.349s] DEBUG:colcon:Command line arguments: ['/usr/bin/colcon', 'build', '--packages-select', 'detection_objets']
[0.349s] DEBUG:colcon:Parsed command line arguments: Namespace(log_base=None, log_level=None, verb_name='build', build_base='build', install_base='install', merge_install=False, symlink_install=False, test_result_base=None, continue_on_error=False, executor='parallel', parallel_workers=8, event_handlers=None, ignore_user_meta=False, metas=['./colcon.meta'], base_paths=['.'], packages_ignore=None, packages_ignore_regex=None, paths=None, packages_up_to=None, packages_up_to_regex=None, packages_above=None, packages_above_and_dependencies=None, packages_above_depth=None, packages_select_by_dep=None, packages_skip_by_dep=None, packages_skip_up_to=None, packages_select_build_failed=False, packages_skip_build_finished=False, packages_select_test_failures=False, packages_skip_test_passed=False, packages_select=['detection_objets'], packages_skip=None, packages_select_regex=None, packages_skip_regex=None, packages_start=None, packages_end=None, allow_overriding=[], cmake_args=None, cmake_target=None, cmake_target_skip_unavailable=False, cmake_clean_cache=False, cmake_clean_first=False, cmake_force_configure=False, ament_cmake_args=None, catkin_cmake_args=None, catkin_skip_building_tests=False, mixin_files=None, mixin=None, verb_parser=<colcon_mixin.mixin.mixin_argument.MixinArgumentDecorator object at 0x7a58769859a0>, verb_extension=<colcon_core.verb.build.BuildVerb object at 0x7a58769856a0>, main=<bound method BuildVerb.main of <colcon_core.verb.build.BuildVerb object at 0x7a58769856a0>>, mixin_verb=('build',))
[0.419s] Level 1:colcon.colcon_core.package_discovery:discover_packages(colcon_meta) check parameters
[0.419s] Level 1:colcon.colcon_core.package_discovery:discover_packages(recursive) check parameters
[0.419s] Level 1:colcon.colcon_core.package_discovery:discover_packages(ignore) check parameters
[0.419s] Level 1:colcon.colcon_core.package_discovery:discover_packages(path) check parameters
[0.419s] Level 1:colcon.colcon_core.package_discovery:discover_packages(colcon_meta) discover
[0.420s] Level 1:colcon.colcon_core.package_discovery:discover_packages(recursive) discover
[0.420s] INFO:colcon.colcon_core.package_discovery:Crawling recursively for packages in '/home/assia/sy31_ws'
[0.420s] Level 1:colcon.colcon_core.package_identification:_identify(.) by extensions ['ignore', 'ignore_ament_install']
[0.420s] Level 1:colcon.colcon_core.package_identification:_identify(.) by extension 'ignore'
[0.420s] Level 1:colcon.colcon_core.package_identification:_identify(.) by extension 'ignore_ament_install'
[0.420s] Level 1:colcon.colcon_core.package_identification:_identify(.) by extensions ['colcon_pkg']
[0.420s] Level 1:colcon.colcon_core.package_identification:_identify(.) by extension 'colcon_pkg'
[0.421s] Level 1:colcon.colcon_core.package_identification:_identify(.) by extensions ['colcon_meta']
[0.421s] Level 1:colcon.colcon_core.package_identification:_identify(.) by extension 'colcon_meta'
[0.421s] Level 1:colcon.colcon_core.package_identification:_identify(.) by extensions ['ros']
[0.421s] Level 1:colcon.colcon_core.package_identification:_identify(.) by extension 'ros'
[0.478s] Level 1:colcon.colcon_core.package_identification:_identify(.) by extensions ['cmake', 'python']
[0.478s] Level 1:colcon.colcon_core.package_identification:_identify(.) by extension 'cmake'
[0.478s] Level 1:colcon.colcon_core.package_identification:_identify(.) by extension 'python'
[0.478s] Level 1:colcon.colcon_core.package_identification:_identify(.) by extensions ['python_setup_py']
[0.479s] Level 1:colcon.colcon_core.package_identification:_identify(.) by extension 'python_setup_py'
[0.479s] Level 1:colcon.colcon_core.package_identification:_identify(bags) by extensions ['ignore', 'ignore_ament_install']
[0.479s] Level 1:colcon.colcon_core.package_identification:_identify(bags) by extension 'ignore'
[0.479s] Level 1:colcon.colcon_core.package_identification:_identify(bags) by extension 'ignore_ament_install'
[0.480s] Level 1:colcon.colcon_core.package_identification:_identify(bags) by extensions ['colcon_pkg']
[0.480s] Level 1:colcon.colcon_core.package_identification:_identify(bags) by extension 'colcon_pkg'
[0.480s] Level 1:colcon.colcon_core.package_identification:_identify(bags) by extensions ['colcon_meta']
[0.480s] Level 1:colcon.colcon_core.package_identification:_identify(bags) by extension 'colcon_meta'
[0.480s] Level 1:colcon.colcon_core.package_identification:_identify(bags) by extensions ['ros']
[0.480s] Level 1:colcon.colcon_core.package_identification:_identify(bags) by extension 'ros'
[0.480s] Level 1:colcon.colcon_core.package_identification:_identify(bags) by extensions ['cmake', 'python']
[0.480s] Level 1:colcon.colcon_core.package_identification:_identify(bags) by extension 'cmake'
[0.480s] Level 1:colcon.colcon_core.package_identification:_identify(bags) by extension 'python'
[0.481s] Level 1:colcon.colcon_core.package_identification:_identify(bags) by extensions ['python_setup_py']
[0.481s] Level 1:colcon.colcon_core.package_identification:_identify(bags) by extension 'python_setup_py'
[0.481s] Level 1:colcon.colcon_core.package_identification:_identify(bags/objets) by extensions ['ignore', 'ignore_ament_install']
[0.481s] Level 1:colcon.colcon_core.package_identification:_identify(bags/objets) by extension 'ignore'
[0.481s] Level 1:colcon.colcon_core.package_identification:_identify(bags/objets) by extension 'ignore_ament_install'
[0.482s] Level 1:colcon.colcon_core.package_identification:_identify(bags/objets) by extensions ['colcon_pkg']
[0.482s] Level 1:colcon.colcon_core.package_identification:_identify(bags/objets) by extension 'colcon_pkg'
[0.482s] Level 1:colcon.colcon_core.package_identification:_identify(bags/objets) by extensions ['colcon_meta']
[0.482s] Level 1:colcon.colcon_core.package_identification:_identify(bags/objets) by extension 'colcon_meta'
[0.482s] Level 1:colcon.colcon_core.package_identification:_identify(bags/objets) by extensions ['ros']
[0.482s] Level 1:colcon.colcon_core.package_identification:_identify(bags/objets) by extension 'ros'
[0.483s] Level 1:colcon.colcon_core.package_identification:_identify(bags/objets) by extensions ['cmake', 'python']
[0.483s] Level 1:colcon.colcon_core.package_identification:_identify(bags/objets) by extension 'cmake'
[0.483s] Level 1:colcon.colcon_core.package_identification:_identify(bags/objets) by extension 'python'
[0.483s] Level 1:colcon.colcon_core.package_identification:_identify(bags/objets) by extensions ['python_setup_py']
[0.483s] Level 1:colcon.colcon_core.package_identification:_identify(bags/objets) by extension 'python_setup_py'
[0.483s] Level 1:colcon.colcon_core.package_identification:_identify(build) by extensions ['ignore', 'ignore_ament_install']
[0.483s] Level 1:colcon.colcon_core.package_identification:_identify(build) by extension 'ignore'
[0.483s] Level 1:colcon.colcon_core.package_identification:_identify(build) ignored
[-0.050s] Level 1:colcon.colcon_core.package_identification:_identify(install) by extensions ['ignore', 'ignore_ament_install']
[-0.049s] Level 1:colcon.colcon_core.package_identification:_identify(install) by extension 'ignore'
[-0.047s] Level 1:colcon.colcon_core.package_identification:_identify(install) ignored
[-0.046s] Level 1:colcon.colcon_core.package_identification:_identify(log) by extensions ['ignore', 'ignore_ament_install']
[-0.046s] Level 1:colcon.colcon_core.package_identification:_identify(log) by extension 'ignore'
[-0.046s] Level 1:colcon.colcon_core.package_identification:_identify(log) ignored
[-0.045s] Level 1:colcon.colcon_core.package_identification:_identify(src) by extensions ['ignore', 'ignore_ament_install']
[-0.045s] Level 1:colcon.colcon_core.package_identification:_identify(src) by extension 'ignore'
[-0.045s] Level 1:colcon.colcon_core.package_identification:_identify(src) by extension 'ignore_ament_install'
[-0.044s] Level 1:colcon.colcon_core.package_identification:_identify(src) by extensions ['colcon_pkg']
[-0.044s] Level 1:colcon.colcon_core.package_identification:_identify(src) by extension 'colcon_pkg'
[-0.044s] Level 1:colcon.colcon_core.package_identification:_identify(src) by extensions ['colcon_meta']
[-0.044s] Level 1:colcon.colcon_core.package_identification:_identify(src) by extension 'colcon_meta'
[-0.044s] Level 1:colcon.colcon_core.package_identification:_identify(src) by extensions ['ros']
[-0.044s] Level 1:colcon.colcon_core.package_identification:_identify(src) by extension 'ros'
[-0.043s] Level 1:colcon.colcon_core.package_identification:_identify(src) by extensions ['cmake', 'python']
[-0.043s] Level 1:colcon.colcon_core.package_identification:_identify(src) by extension 'cmake'
[-0.043s] Level 1:colcon.colcon_core.package_identification:_identify(src) by extension 'python'
[-0.042s] Level 1:colcon.colcon_core.package_identification:_identify(src) by extensions ['python_setup_py']
[-0.042s] Level 1:colcon.colcon_core.package_identification:_identify(src) by extension 'python_setup_py'
[-0.042s] Level 1:colcon.colcon_core.package_identification:_identify(src/detection_objets) by extensions ['ignore', 'ignore_ament_install']
[-0.042s] Level 1:colcon.colcon_core.package_identification:_identify(src/detection_objets) by extension 'ignore'
[-0.042s] Level 1:colcon.colcon_core.package_identification:_identify(src/detection_objets) by extension 'ignore_ament_install'
[-0.041s] Level 1:colcon.colcon_core.package_identification:_identify(src/detection_objets) by extensions ['colcon_pkg']
[-0.041s] Level 1:colcon.colcon_core.package_identification:_identify(src/detection_objets) by extension 'colcon_pkg'
[-0.041s] Level 1:colcon.colcon_core.package_identification:_identify(src/detection_objets) by extensions ['colcon_meta']
[-0.041s] Level 1:colcon.colcon_core.package_identification:_identify(src/detection_objets) by extension 'colcon_meta'
[-0.041s] Level 1:colcon.colcon_core.package_identification:_identify(src/detection_objets) by extensions ['ros']
[-0.041s] Level 1:colcon.colcon_core.package_identification:_identify(src/detection_objets) by extension 'ros'
[-0.036s] DEBUG:colcon.colcon_core.package_identification:Package 'src/detection_objets' with type 'ros.ament_python' and name 'detection_objets'
[-0.036s] Level 1:colcon.colcon_core.package_discovery:discover_packages(recursive) using defaults
[-0.035s] Level 1:colcon.colcon_core.package_discovery:discover_packages(ignore) discover
[-0.035s] Level 1:colcon.colcon_core.package_discovery:discover_packages(ignore) using defaults
[-0.035s] Level 1:colcon.colcon_core.package_discovery:discover_packages(path) discover
[-0.035s] Level 1:colcon.colcon_core.package_discovery:discover_packages(path) using defaults
[0.005s] Level 1:colcon.colcon_core.package_discovery:discover_packages(prefix_path) check parameters
[0.005s] Level 1:colcon.colcon_core.package_discovery:discover_packages(prefix_path) discover
[0.008s] DEBUG:colcon.colcon_installed_package_information.package_discovery:Found 1 installed packages in /home/assia/sy31_ws/install
[0.011s] DEBUG:colcon.colcon_installed_package_information.package_discovery:Found 294 installed packages in /opt/ros/jazzy
[0.012s] Level 1:colcon.colcon_core.package_discovery:discover_packages(prefix_path) using defaults
[0.092s] Level 5:colcon.colcon_core.verb:set package 'detection_objets' build argument 'cmake_args' from command line to 'None'
[0.092s] Level 5:colcon.colcon_core.verb:set package 'detection_objets' build argument 'cmake_target' from command line to 'None'
[0.092s] Level 5:colcon.colcon_core.verb:set package 'detection_objets' build argument 'cmake_target_skip_unavailable' from command line to 'False'
[0.093s] Level 5:colcon.colcon_core.verb:set package 'detection_objets' build argument 'cmake_clean_cache' from command line to 'False'
[0.093s] Level 5:colcon.colcon_core.verb:set package 'detection_objets' build argument 'cmake_clean_first' from command line to 'False'
[0.093s] Level 5:colcon.colcon_core.verb:set package 'detection_objets' build argument 'cmake_force_configure' from command line to 'False'
[0.094s] Level 5:colcon.colcon_core.verb:set package 'detection_objets' build argument 'ament_cmake_args' from command line to 'None'
[0.094s] Level 5:colcon.colcon_core.verb:set package 'detection_objets' build argument 'catkin_cmake_args' from command line to 'None'
[0.094s] Level 5:colcon.colcon_core.verb:set package 'detection_objets' build argument 'catkin_skip_building_tests' from command line to 'False'
[0.094s] DEBUG:colcon.colcon_core.verb:Building package 'detection_objets' with the following arguments: {'ament_cmake_args': None, 'build_base': '/home/assia/sy31_ws/build/detection_objets', 'catkin_cmake_args': None, 'catkin_skip_building_tests': False, 'cmake_args': None, 'cmake_clean_cache': False, 'cmake_clean_first': False, 'cmake_force_configure': False, 'cmake_target': None, 'cmake_target_skip_unavailable': False, 'install_base': '/home/assia/sy31_ws/install/detection_objets', 'merge_install': False, 'path': '/home/assia/sy31_ws/src/detection_objets', 'symlink_install': False, 'test_result_base': None}
[0.094s] INFO:colcon.colcon_core.executor:Executing jobs using 'parallel' executor
[0.096s] DEBUG:colcon.colcon_parallel_executor.executor.parallel:run_until_complete
[0.097s] INFO:colcon.colcon_ros.task.ament_python.build:Building ROS package in '/home/assia/sy31_ws/src/detection_objets' with build type 'ament_python'
[0.097s] Level 1:colcon.colcon_core.shell:create_environment_hook('detection_objets', 'ament_prefix_path')
[0.101s] INFO:colcon.colcon_core.plugin_system:Skipping extension 'colcon_core.shell.bat': Not used on non-Windows systems
[0.101s] INFO:colcon.colcon_core.shell:Creating environment hook '/home/assia/sy31_ws/install/detection_objets/share/detection_objets/hook/ament_prefix_path.ps1'
[0.103s] INFO:colcon.colcon_core.shell:Creating environment descriptor '/home/assia/sy31_ws/install/detection_objets/share/detection_objets/hook/ament_prefix_path.dsv'
[0.103s] INFO:colcon.colcon_core.shell:Creating environment hook '/home/assia/sy31_ws/install/detection_objets/share/detection_objets/hook/ament_prefix_path.sh'
[0.105s] INFO:colcon.colcon_core.shell:Skip shell extension 'powershell' for command environment: Not usable outside of PowerShell
[0.105s] DEBUG:colcon.colcon_core.shell:Skip shell extension 'dsv' for command environment
[0.686s] INFO:colcon.colcon_core.task.python.build:Building Python package in '/home/assia/sy31_ws/src/detection_objets'
[0.686s] INFO:colcon.colcon_core.shell:Skip shell extension 'powershell' for command environment: Not usable outside of PowerShell
[0.686s] DEBUG:colcon.colcon_core.shell:Skip shell extension 'dsv' for command environment
[1.818s] DEBUG:colcon.colcon_core.event_handler.log_command:Invoking command in '/home/assia/sy31_ws/src/detection_objets': PYTHONPATH=/home/assia/sy31_ws/build/detection_objets/prefix_override:/usr/lib/python3/dist-packages/colcon_core/task/python/colcon_distutils_commands:/home/assia/sy31_ws/install/detection_objets/lib/python3.12/site-packages:${PYTHONPATH} /usr/bin/python3 -W ignore:setup.py install is deprecated -W ignore:easy_install command is deprecated setup.py egg_info --egg-base ../../build/detection_objets build --build-base /home/assia/sy31_ws/build/detection_objets/build install --record /home/assia/sy31_ws/build/detection_objets/install.log --single-version-externally-managed install_data
[2.905s] DEBUG:colcon.colcon_core.event_handler.log_command:Invoked command in '/home/assia/sy31_ws/src/detection_objets' returned '0': PYTHONPATH=/home/assia/sy31_ws/build/detection_objets/prefix_override:/usr/lib/python3/dist-packages/colcon_core/task/python/colcon_distutils_commands:/home/assia/sy31_ws/install/detection_objets/lib/python3.12/site-packages:${PYTHONPATH} /usr/bin/python3 -W ignore:setup.py install is deprecated -W ignore:easy_install command is deprecated setup.py egg_info --egg-base ../../build/detection_objets build --build-base /home/assia/sy31_ws/build/detection_objets/build install --record /home/assia/sy31_ws/build/detection_objets/install.log --single-version-externally-managed install_data
[2.909s] Level 1:colcon.colcon_core.environment:checking '/home/assia/sy31_ws/install/detection_objets' for CMake module files
[2.911s] Level 1:colcon.colcon_core.environment:checking '/home/assia/sy31_ws/install/detection_objets' for CMake config files
[2.912s] Level 1:colcon.colcon_core.environment:checking '/home/assia/sy31_ws/install/detection_objets/lib'
[2.913s] Level 1:colcon.colcon_core.environment:checking '/home/assia/sy31_ws/install/detection_objets/bin'
[2.913s] Level 1:colcon.colcon_core.environment:checking '/home/assia/sy31_ws/install/detection_objets/lib/pkgconfig/detection_objets.pc'
[2.913s] Level 1:colcon.colcon_core.environment:checking '/home/assia/sy31_ws/install/detection_objets/lib/python3.12/site-packages'
[2.914s] Level 1:colcon.colcon_core.shell:create_environment_hook('detection_objets', 'pythonpath')
[2.914s] INFO:colcon.colcon_core.shell:Creating environment hook '/home/assia/sy31_ws/install/detection_objets/share/detection_objets/hook/pythonpath.ps1'
[2.915s] INFO:colcon.colcon_core.shell:Creating environment descriptor '/home/assia/sy31_ws/install/detection_objets/share/detection_objets/hook/pythonpath.dsv'
[2.916s] INFO:colcon.colcon_core.shell:Creating environment hook '/home/assia/sy31_ws/install/detection_objets/share/detection_objets/hook/pythonpath.sh'
[2.918s] Level 1:colcon.colcon_core.environment:checking '/home/assia/sy31_ws/install/detection_objets/bin'
[2.918s] Level 1:colcon.colcon_core.environment:create_environment_scripts_only(detection_objets)
[2.918s] INFO:colcon.colcon_core.shell:Creating package script '/home/assia/sy31_ws/install/detection_objets/share/detection_objets/package.ps1'
[2.920s] INFO:colcon.colcon_core.shell:Creating package descriptor '/home/assia/sy31_ws/install/detection_objets/share/detection_objets/package.dsv'
[2.921s] INFO:colcon.colcon_core.shell:Creating package script '/home/assia/sy31_ws/install/detection_objets/share/detection_objets/package.sh'
[2.922s] INFO:colcon.colcon_core.shell:Creating package script '/home/assia/sy31_ws/install/detection_objets/share/detection_objets/package.bash'
[2.924s] INFO:colcon.colcon_core.shell:Creating package script '/home/assia/sy31_ws/install/detection_objets/share/detection_objets/package.zsh'
[2.925s] Level 1:colcon.colcon_core.environment:create_file_with_runtime_dependencies(/home/assia/sy31_ws/install/detection_objets/share/colcon-core/packages/detection_objets)
[2.927s] DEBUG:colcon.colcon_parallel_executor.executor.parallel:closing loop
[2.929s] DEBUG:colcon.colcon_parallel_executor.executor.parallel:loop closed
[2.929s] DEBUG:colcon.colcon_parallel_executor.executor.parallel:run_until_complete finished with '0'
[2.930s] DEBUG:colcon.colcon_core.event_reactor:joining thread
[2.997s] INFO:colcon.colcon_core.plugin_system:Skipping extension 'colcon_notification.desktop_notification.notify_send': Could not find 'notify-send'
[2.998s] INFO:colcon.colcon_core.plugin_system:Skipping extension 'colcon_notification.desktop_notification.terminal_notifier': Not used on non-Darwin systems
[2.998s] INFO:colcon.colcon_core.plugin_system:Skipping extension 'colcon_notification.desktop_notification.win32': Not used on non-Windows systems
[2.998s] INFO:colcon.colcon_notification.desktop_notification:Sending desktop notification using 'notify2'
[3.001s] DEBUG:colcon.colcon_notification.desktop_notification.notify2:Failed to initialize notify2: org.freedesktop.DBus.Error.ServiceUnknown: The name org.freedesktop.Notifications was not provided by any .service files
[3.001s] DEBUG:colcon.colcon_core.event_reactor:joined thread
[3.001s] INFO:colcon.colcon_core.shell:Creating prefix script '/home/assia/sy31_ws/install/local_setup.ps1'
[3.003s] INFO:colcon.colcon_core.shell:Creating prefix util module '/home/assia/sy31_ws/install/_local_setup_util_ps1.py'
[3.005s] INFO:colcon.colcon_core.shell:Creating prefix chain script '/home/assia/sy31_ws/install/setup.ps1'
[3.006s] INFO:colcon.colcon_core.shell:Creating prefix script '/home/assia/sy31_ws/install/local_setup.sh'
[3.007s] INFO:colcon.colcon_core.shell:Creating prefix util module '/home/assia/sy31_ws/install/_local_setup_util_sh.py'
[3.009s] INFO:colcon.colcon_core.shell:Creating prefix chain script '/home/assia/sy31_ws/install/setup.sh'
[3.011s] INFO:colcon.colcon_core.shell:Creating prefix script '/home/assia/sy31_ws/install/local_setup.bash'
[3.013s] INFO:colcon.colcon_core.shell:Creating prefix chain script '/home/assia/sy31_ws/install/setup.bash'
[3.015s] INFO:colcon.colcon_core.shell:Creating prefix script '/home/assia/sy31_ws/install/local_setup.zsh'
[3.017s] INFO:colcon.colcon_core.shell:Creating prefix chain script '/home/assia/sy31_ws/install/setup.zsh'
