[3.208s] Invoking command in '/home/assia/sy31_ws/src/detection_objets': PYTHONPATH=/home/assia/sy31_ws/build/detection_objets/prefix_override:/usr/lib/python3/dist-packages/colcon_core/task/python/colcon_distutils_commands:/home/assia/sy31_ws/install/detection_objets/lib/python3.12/site-packages:${PYTHONPATH} /usr/bin/python3 -W ignore:setup.py install is deprecated -W ignore:easy_install command is deprecated setup.py egg_info --egg-base ../../build/detection_objets build --build-base /home/assia/sy31_ws/build/detection_objets/build install --record /home/assia/sy31_ws/build/detection_objets/install.log --single-version-externally-managed install_data
[3.939s] running egg_info
[3.995s] writing ../../build/detection_objets/detection_objets.egg-info/PKG-INFO
[3.996s] writing dependency_links to ../../build/detection_objets/detection_objets.egg-info/dependency_links.txt
[3.997s] writing entry points to ../../build/detection_objets/detection_objets.egg-info/entry_points.txt
[3.997s] writing requirements to ../../build/detection_objets/detection_objets.egg-info/requires.txt
[3.998s] writing top-level names to ../../build/detection_objets/detection_objets.egg-info/top_level.txt
[4.114s] reading manifest file '../../build/detection_objets/detection_objets.egg-info/SOURCES.txt'
[4.117s] writing manifest file '../../build/detection_objets/detection_objets.egg-info/SOURCES.txt'
[4.126s] running build
[4.126s] running build_py
[4.127s] copying detection_objets/node_camera.py -> /home/assia/sy31_ws/build/detection_objets/build/lib/detection_objets
[4.130s] running install
[4.143s] running install_lib
[4.194s] copying /home/assia/sy31_ws/build/detection_objets/build/lib/detection_objets/node_camera.py -> /home/assia/sy31_ws/install/detection_objets/lib/python3.12/site-packages/detection_objets
[4.196s] byte-compiling /home/assia/sy31_ws/install/detection_objets/lib/python3.12/site-packages/detection_objets/node_camera.py to node_camera.cpython-312.pyc
[4.199s] running install_data
[4.199s] running install_egg_info
[4.243s] removing '/home/assia/sy31_ws/install/detection_objets/lib/python3.12/site-packages/detection_objets-0.0.0-py3.12.egg-info' (and everything under it)
[4.280s] Copying ../../build/detection_objets/detection_objets.egg-info to /home/assia/sy31_ws/install/detection_objets/lib/python3.12/site-packages/detection_objets-0.0.0-py3.12.egg-info
[4.281s] running install_scripts
[4.801s] Installing camera_node script to /home/assia/sy31_ws/install/detection_objets/lib/detection_objets
[4.802s] writing list of installed files to '/home/assia/sy31_ws/build/detection_objets/install.log'
[4.905s] Invoked command in '/home/assia/sy31_ws/src/detection_objets' returned '0': PYTHONPATH=/home/assia/sy31_ws/build/detection_objets/prefix_override:/usr/lib/python3/dist-packages/colcon_core/task/python/colcon_distutils_commands:/home/assia/sy31_ws/install/detection_objets/lib/python3.12/site-packages:${PYTHONPATH} /usr/bin/python3 -W ignore:setup.py install is deprecated -W ignore:easy_install command is deprecated setup.py egg_info --egg-base ../../build/detection_objets build --build-base /home/assia/sy31_ws/build/detection_objets/build install --record /home/assia/sy31_ws/build/detection_objets/install.log --single-version-externally-managed install_data
