[2.138s] Invoking command in '/home/assia/sy31_ws/src/detection_objets': PYTHONPATH=/home/assia/sy31_ws/build/detection_objets/prefix_override:/usr/lib/python3/dist-packages/colcon_core/task/python/colcon_distutils_commands:/home/assia/sy31_ws/install/detection_objets/lib/python3.12/site-packages:${PYTHONPATH} /usr/bin/python3 -W ignore:setup.py install is deprecated -W ignore:easy_install command is deprecated setup.py egg_info --egg-base ../../build/detection_objets build --build-base /home/assia/sy31_ws/build/detection_objets/build install --record /home/assia/sy31_ws/build/detection_objets/install.log --single-version-externally-managed install_data
[2.738s] running egg_info
[2.784s] writing ../../build/detection_objets/detection_objets.egg-info/PKG-INFO
[2.785s] writing dependency_links to ../../build/detection_objets/detection_objets.egg-info/dependency_links.txt
[2.785s] writing entry points to ../../build/detection_objets/detection_objets.egg-info/entry_points.txt
[2.786s] writing requirements to ../../build/detection_objets/detection_objets.egg-info/requires.txt
[2.787s] writing top-level names to ../../build/detection_objets/detection_objets.egg-info/top_level.txt
[2.875s] reading manifest file '../../build/detection_objets/detection_objets.egg-info/SOURCES.txt'
[2.878s] writing manifest file '../../build/detection_objets/detection_objets.egg-info/SOURCES.txt'
[2.878s] running build
[2.879s] running build_py
[2.879s] copying detection_objets/node_camera.py -> /home/assia/sy31_ws/build/detection_objets/build/lib/detection_objets
[2.880s] copying detection_objets/detection.py -> /home/assia/sy31_ws/build/detection_objets/build/lib/detection_objets
[2.881s] running install
[2.893s] running install_lib
[2.934s] copying /home/assia/sy31_ws/build/detection_objets/build/lib/detection_objets/node_camera.py -> /home/assia/sy31_ws/install/detection_objets/lib/python3.12/site-packages/detection_objets
[2.935s] copying /home/assia/sy31_ws/build/detection_objets/build/lib/detection_objets/detection.py -> /home/assia/sy31_ws/install/detection_objets/lib/python3.12/site-packages/detection_objets
[2.936s] byte-compiling /home/assia/sy31_ws/install/detection_objets/lib/python3.12/site-packages/detection_objets/node_camera.py to node_camera.cpython-312.pyc
[2.938s] byte-compiling /home/assia/sy31_ws/install/detection_objets/lib/python3.12/site-packages/detection_objets/detection.py to detection.cpython-312.pyc
[2.940s] running install_data
[2.941s] creating /home/assia/sy31_ws/install/detection_objets/share/detection_objets/launch
[2.942s] copying launch/launch.py -> /home/assia/sy31_ws/install/detection_objets/share/detection_objets/launch
[2.943s] running install_egg_info
[2.980s] removing '/home/assia/sy31_ws/install/detection_objets/lib/python3.12/site-packages/detection_objets-0.0.0-py3.12.egg-info' (and everything under it)
[2.981s] Copying ../../build/detection_objets/detection_objets.egg-info to /home/assia/sy31_ws/install/detection_objets/lib/python3.12/site-packages/detection_objets-0.0.0-py3.12.egg-info
[2.985s] running install_scripts
[3.351s] Installing camera_node script to /home/assia/sy31_ws/install/detection_objets/lib/detection_objets
[3.351s] Installing detector script to /home/assia/sy31_ws/install/detection_objets/lib/detection_objets
[3.352s] writing list of installed files to '/home/assia/sy31_ws/build/detection_objets/install.log'
[3.417s] Invoked command in '/home/assia/sy31_ws/src/detection_objets' returned '0': PYTHONPATH=/home/assia/sy31_ws/build/detection_objets/prefix_override:/usr/lib/python3/dist-packages/colcon_core/task/python/colcon_distutils_commands:/home/assia/sy31_ws/install/detection_objets/lib/python3.12/site-packages:${PYTHONPATH} /usr/bin/python3 -W ignore:setup.py install is deprecated -W ignore:easy_install command is deprecated setup.py egg_info --egg-base ../../build/detection_objets build --build-base /home/assia/sy31_ws/build/detection_objets/build install --record /home/assia/sy31_ws/build/detection_objets/install.log --single-version-externally-managed install_data
