[3.399s] Invoking command in '/home/assia/sy31_ws/src/detection_objets': PYTHONPATH=/home/assia/sy31_ws/build/detection_objets/prefix_override:/usr/lib/python3/dist-packages/colcon_core/task/python/colcon_distutils_commands:/home/assia/sy31_ws/install/detection_objets/lib/python3.12/site-packages:${PYTHONPATH} /usr/bin/python3 -W ignore:setup.py install is deprecated -W ignore:easy_install command is deprecated setup.py egg_info --egg-base ../../build/detection_objets build --build-base /home/assia/sy31_ws/build/detection_objets/build install --record /home/assia/sy31_ws/build/detection_objets/install.log --single-version-externally-managed install_data
[4.016s] running egg_info
[4.075s] writing ../../build/detection_objets/detection_objets.egg-info/PKG-INFO
[4.076s] writing dependency_links to ../../build/detection_objets/detection_objets.egg-info/dependency_links.txt
[4.077s] writing entry points to ../../build/detection_objets/detection_objets.egg-info/entry_points.txt
[4.079s] writing requirements to ../../build/detection_objets/detection_objets.egg-info/requires.txt
[4.079s] writing top-level names to ../../build/detection_objets/detection_objets.egg-info/top_level.txt
[4.169s] reading manifest file '../../build/detection_objets/detection_objets.egg-info/SOURCES.txt'
[4.172s] writing manifest file '../../build/detection_objets/detection_objets.egg-info/SOURCES.txt'
[4.172s] running build
[4.173s] running build_py
[4.174s] copying detection_objets/detection.py -> /home/assia/sy31_ws/build/detection_objets/build/lib/detection_objets
[4.175s] running install
[4.191s] running install_lib
[4.248s] copying /home/assia/sy31_ws/build/detection_objets/build/lib/detection_objets/detection.py -> /home/assia/sy31_ws/install/detection_objets/lib/python3.12/site-packages/detection_objets
[4.250s] byte-compiling /home/assia/sy31_ws/install/detection_objets/lib/python3.12/site-packages/detection_objets/detection.py to detection.cpython-312.pyc
[4.254s] running install_data
[4.254s] copying launch/launch.py -> /home/assia/sy31_ws/install/detection_objets/share/detection_objets/launch
[4.257s] running install_egg_info
[4.296s] removing '/home/assia/sy31_ws/install/detection_objets/lib/python3.12/site-packages/detection_objets-0.0.0-py3.12.egg-info' (and everything under it)
[4.298s] Copying ../../build/detection_objets/detection_objets.egg-info to /home/assia/sy31_ws/install/detection_objets/lib/python3.12/site-packages/detection_objets-0.0.0-py3.12.egg-info
[4.303s] running install_scripts
[4.889s] Installing camera_node script to /home/assia/sy31_ws/install/detection_objets/lib/detection_objets
[4.890s] Installing detector script to /home/assia/sy31_ws/install/detection_objets/lib/detection_objets
[4.890s] writing list of installed files to '/home/assia/sy31_ws/build/detection_objets/install.log'
[5.003s] Invoked command in '/home/assia/sy31_ws/src/detection_objets' returned '0': PYTHONPATH=/home/assia/sy31_ws/build/detection_objets/prefix_override:/usr/lib/python3/dist-packages/colcon_core/task/python/colcon_distutils_commands:/home/assia/sy31_ws/install/detection_objets/lib/python3.12/site-packages:${PYTHONPATH} /usr/bin/python3 -W ignore:setup.py install is deprecated -W ignore:easy_install command is deprecated setup.py egg_info --egg-base ../../build/detection_objets build --build-base /home/assia/sy31_ws/build/detection_objets/build install --record /home/assia/sy31_ws/build/detection_objets/install.log --single-version-externally-managed install_data
