[4.028s] DEBUG:colcon:Command line arguments: ['/usr/bin/colcon', 'build', '--packages-select', 'detection_objets']
[4.035s] DEBUG:colcon:Parsed command line arguments: Namespace(log_base=None, log_level=None, verb_name='build', build_base='build', install_base='install', merge_install=False, symlink_install=False, test_result_base=None, continue_on_error=False, executor='parallel', parallel_workers=8, event_handlers=None, ignore_user_meta=False, metas=['./colcon.meta'], base_paths=['.'], packages_ignore=None, packages_ignore_regex=None, paths=None, packages_up_to=None, packages_up_to_regex=None, packages_above=None, packages_above_and_dependencies=None, packages_above_depth=None, packages_select_by_dep=None, packages_skip_by_dep=None, packages_skip_up_to=None, packages_select_build_failed=False, packages_skip_build_finished=False, packages_select_test_failures=False, packages_skip_test_passed=False, packages_select=['detection_objets'], packages_skip=None, packages_select_regex=None, packages_skip_regex=None, packages_start=None, packages_end=None, allow_overriding=[], cmake_args=None, cmake_target=None, cmake_target_skip_unavailable=False, cmake_clean_cache=False, cmake_clean_first=False, cmake_force_configure=False, ament_cmake_args=None, catkin_cmake_args=None, catkin_skip_building_tests=False, mixin_files=None, mixin=None, verb_parser=<colcon_mixin.mixin.mixin_argument.MixinArgumentDecorator object at 0x737a822857c0>, verb_extension=<colcon_core.verb.build.BuildVerb object at 0x737a82285580>, main=<bound method BuildVerb.main of <colcon_core.verb.build.BuildVerb object at 0x737a82285580>>, mixin_verb=('build',))
[5.737s] Level 1:colcon.colcon_core.package_discovery:discover_packages(colcon_meta) check parameters
[5.739s] Level 1:colcon.colcon_core.package_discovery:discover_packages(recursive) check parameters
[5.740s] Level 1:colcon.colcon_core.package_discovery:discover_packages(ignore) check parameters
[5.741s] Level 1:colcon.colcon_core.package_discovery:discover_packages(path) check parameters
[5.742s] Level 1:colcon.colcon_core.package_discovery:discover_packages(colcon_meta) discover
[5.746s] Level 1:colcon.colcon_core.package_discovery:discover_packages(recursive) discover
[5.749s] INFO:colcon.colcon_core.package_discovery:Crawling recursively for packages in '/home/assia/sy31_ws'
[5.753s] Level 1:colcon.colcon_core.package_identification:_identify(.) by extensions ['ignore', 'ignore_ament_install']
[5.755s] Level 1:colcon.colcon_core.package_identification:_identify(.) by extension 'ignore'
[5.757s] Level 1:colcon.colcon_core.package_identification:_identify(.) by extension 'ignore_ament_install'
[5.759s] Level 1:colcon.colcon_core.package_identification:_identify(.) by extensions ['colcon_pkg']
[5.769s] Level 1:colcon.colcon_core.package_identification:_identify(.) by extension 'colcon_pkg'
[5.771s] Level 1:colcon.colcon_core.package_identification:_identify(.) by extensions ['colcon_meta']
[5.772s] Level 1:colcon.colcon_core.package_identification:_identify(.) by extension 'colcon_meta'
[5.773s] Level 1:colcon.colcon_core.package_identification:_identify(.) by extensions ['ros']
[5.774s] Level 1:colcon.colcon_core.package_identification:_identify(.) by extension 'ros'
[6.741s] Level 1:colcon.colcon_core.package_identification:_identify(.) by extensions ['cmake', 'python']
[6.743s] Level 1:colcon.colcon_core.package_identification:_identify(.) by extension 'cmake'
[6.744s] Level 1:colcon.colcon_core.package_identification:_identify(.) by extension 'python'
[6.745s] Level 1:colcon.colcon_core.package_identification:_identify(.) by extensions ['python_setup_py']
[6.746s] Level 1:colcon.colcon_core.package_identification:_identify(.) by extension 'python_setup_py'
[6.749s] Level 1:colcon.colcon_core.package_identification:_identify(bags) by extensions ['ignore', 'ignore_ament_install']
[6.750s] Level 1:colcon.colcon_core.package_identification:_identify(bags) by extension 'ignore'
[6.752s] Level 1:colcon.colcon_core.package_identification:_identify(bags) by extension 'ignore_ament_install'
[6.757s] Level 1:colcon.colcon_core.package_identification:_identify(bags) by extensions ['colcon_pkg']
[6.758s] Level 1:colcon.colcon_core.package_identification:_identify(bags) by extension 'colcon_pkg'
[6.759s] Level 1:colcon.colcon_core.package_identification:_identify(bags) by extensions ['colcon_meta']
[6.760s] Level 1:colcon.colcon_core.package_identification:_identify(bags) by extension 'colcon_meta'
[6.761s] Level 1:colcon.colcon_core.package_identification:_identify(bags) by extensions ['ros']
[6.762s] Level 1:colcon.colcon_core.package_identification:_identify(bags) by extension 'ros'
[6.765s] Level 1:colcon.colcon_core.package_identification:_identify(bags) by extensions ['cmake', 'python']
[6.766s] Level 1:colcon.colcon_core.package_identification:_identify(bags) by extension 'cmake'
[6.768s] Level 1:colcon.colcon_core.package_identification:_identify(bags) by extension 'python'
[6.769s] Level 1:colcon.colcon_core.package_identification:_identify(bags) by extensions ['python_setup_py']
[6.770s] Level 1:colcon.colcon_core.package_identification:_identify(bags) by extension 'python_setup_py'
[6.772s] Level 1:colcon.colcon_core.package_identification:_identify(bags/objets) by extensions ['ignore', 'ignore_ament_install']
[6.774s] Level 1:colcon.colcon_core.package_identification:_identify(bags/objets) by extension 'ignore'
[6.776s] Level 1:colcon.colcon_core.package_identification:_identify(bags/objets) by extension 'ignore_ament_install'
[6.777s] Level 1:colcon.colcon_core.package_identification:_identify(bags/objets) by extensions ['colcon_pkg']
[6.778s] Level 1:colcon.colcon_core.package_identification:_identify(bags/objets) by extension 'colcon_pkg'
[6.780s] Level 1:colcon.colcon_core.package_identification:_identify(bags/objets) by extensions ['colcon_meta']
[6.781s] Level 1:colcon.colcon_core.package_identification:_identify(bags/objets) by extension 'colcon_meta'
[6.782s] Level 1:colcon.colcon_core.package_identification:_identify(bags/objets) by extensions ['ros']
[6.783s] Level 1:colcon.colcon_core.package_identification:_identify(bags/objets) by extension 'ros'
[6.785s] Level 1:colcon.colcon_core.package_identification:_identify(bags/objets) by extensions ['cmake', 'python']
[6.785s] Level 1:colcon.colcon_core.package_identification:_identify(bags/objets) by extension 'cmake'
[6.786s] Level 1:colcon.colcon_core.package_identification:_identify(bags/objets) by extension 'python'
[6.787s] Level 1:colcon.colcon_core.package_identification:_identify(bags/objets) by extensions ['python_setup_py']
[6.788s] Level 1:colcon.colcon_core.package_identification:_identify(bags/objets) by extension 'python_setup_py'
[6.790s] Level 1:colcon.colcon_core.package_identification:_identify(build) by extensions ['ignore', 'ignore_ament_install']
[6.792s] Level 1:colcon.colcon_core.package_identification:_identify(build) by extension 'ignore'
[6.793s] Level 1:colcon.colcon_core.package_identification:_identify(build) ignored
[6.795s] Level 1:colcon.colcon_core.package_identification:_identify(install) by extensions ['ignore', 'ignore_ament_install']
[6.797s] Level 1:colcon.colcon_core.package_identification:_identify(install) by extension 'ignore'
[6.798s] Level 1:colcon.colcon_core.package_identification:_identify(install) ignored
[6.801s] Level 1:colcon.colcon_core.package_identification:_identify(log) by extensions ['ignore', 'ignore_ament_install']
[6.803s] Level 1:colcon.colcon_core.package_identification:_identify(log) by extension 'ignore'
[6.805s] Level 1:colcon.colcon_core.package_identification:_identify(log) ignored
[6.808s] Level 1:colcon.colcon_core.package_identification:_identify(src) by extensions ['ignore', 'ignore_ament_install']
[6.810s] Level 1:colcon.colcon_core.package_identification:_identify(src) by extension 'ignore'
[6.812s] Level 1:colcon.colcon_core.package_identification:_identify(src) by extension 'ignore_ament_install'
[6.813s] Level 1:colcon.colcon_core.package_identification:_identify(src) by extensions ['colcon_pkg']
[6.815s] Level 1:colcon.colcon_core.package_identification:_identify(src) by extension 'colcon_pkg'
[6.816s] Level 1:colcon.colcon_core.package_identification:_identify(src) by extensions ['colcon_meta']
[6.817s] Level 1:colcon.colcon_core.package_identification:_identify(src) by extension 'colcon_meta'
[6.818s] Level 1:colcon.colcon_core.package_identification:_identify(src) by extensions ['ros']
[6.818s] Level 1:colcon.colcon_core.package_identification:_identify(src) by extension 'ros'
[6.820s] Level 1:colcon.colcon_core.package_identification:_identify(src) by extensions ['cmake', 'python']
[6.821s] Level 1:colcon.colcon_core.package_identification:_identify(src) by extension 'cmake'
[6.821s] Level 1:colcon.colcon_core.package_identification:_identify(src) by extension 'python'
[6.823s] Level 1:colcon.colcon_core.package_identification:_identify(src) by extensions ['python_setup_py']
[6.824s] Level 1:colcon.colcon_core.package_identification:_identify(src) by extension 'python_setup_py'
[6.826s] Level 1:colcon.colcon_core.package_identification:_identify(src/detection_objets) by extensions ['ignore', 'ignore_ament_install']
[6.828s] Level 1:colcon.colcon_core.package_identification:_identify(src/detection_objets) by extension 'ignore'
[6.829s] Level 1:colcon.colcon_core.package_identification:_identify(src/detection_objets) by extension 'ignore_ament_install'
[6.833s] Level 1:colcon.colcon_core.package_identification:_identify(src/detection_objets) by extensions ['colcon_pkg']
[6.834s] Level 1:colcon.colcon_core.package_identification:_identify(src/detection_objets) by extension 'colcon_pkg'
[6.835s] Level 1:colcon.colcon_core.package_identification:_identify(src/detection_objets) by extensions ['colcon_meta']
[6.837s] Level 1:colcon.colcon_core.package_identification:_identify(src/detection_objets) by extension 'colcon_meta'
[6.838s] Level 1:colcon.colcon_core.package_identification:_identify(src/detection_objets) by extensions ['ros']
[6.840s] Level 1:colcon.colcon_core.package_identification:_identify(src/detection_objets) by extension 'ros'
[6.881s] DEBUG:colcon.colcon_core.package_identification:Package 'src/detection_objets' with type 'ros.ament_python' and name 'detection_objets'
[6.882s] Level 1:colcon.colcon_core.package_discovery:discover_packages(recursive) using defaults
[6.882s] Level 1:colcon.colcon_core.package_discovery:discover_packages(ignore) discover
[6.883s] Level 1:colcon.colcon_core.package_discovery:discover_packages(ignore) using defaults
[6.883s] Level 1:colcon.colcon_core.package_discovery:discover_packages(path) discover
[6.884s] Level 1:colcon.colcon_core.package_discovery:discover_packages(path) using defaults
[7.220s] Level 1:colcon.colcon_core.package_discovery:discover_packages(prefix_path) check parameters
[7.221s] Level 1:colcon.colcon_core.package_discovery:discover_packages(prefix_path) discover
[7.264s] DEBUG:colcon.colcon_installed_package_information.package_discovery:Found 1 installed packages in /home/assia/sy31_ws/install
[7.291s] DEBUG:colcon.colcon_installed_package_information.package_discovery:Found 294 installed packages in /opt/ros/jazzy
[7.305s] Level 1:colcon.colcon_core.package_discovery:discover_packages(prefix_path) using defaults
[8.827s] Level 5:colcon.colcon_core.verb:set package 'detection_objets' build argument 'cmake_args' from command line to 'None'
[8.832s] Level 5:colcon.colcon_core.verb:set package 'detection_objets' build argument 'cmake_target' from command line to 'None'
[8.834s] Level 5:colcon.colcon_core.verb:set package 'detection_objets' build argument 'cmake_target_skip_unavailable' from command line to 'False'
[8.834s] Level 5:colcon.colcon_core.verb:set package 'detection_objets' build argument 'cmake_clean_cache' from command line to 'False'
[8.835s] Level 5:colcon.colcon_core.verb:set package 'detection_objets' build argument 'cmake_clean_first' from command line to 'False'
[8.836s] Level 5:colcon.colcon_core.verb:set package 'detection_objets' build argument 'cmake_force_configure' from command line to 'False'
[8.836s] Level 5:colcon.colcon_core.verb:set package 'detection_objets' build argument 'ament_cmake_args' from command line to 'None'
[8.836s] Level 5:colcon.colcon_core.verb:set package 'detection_objets' build argument 'catkin_cmake_args' from command line to 'None'
[8.837s] Level 5:colcon.colcon_core.verb:set package 'detection_objets' build argument 'catkin_skip_building_tests' from command line to 'False'
[8.838s] DEBUG:colcon.colcon_core.verb:Building package 'detection_objets' with the following arguments: {'ament_cmake_args': None, 'build_base': '/home/assia/sy31_ws/build/detection_objets', 'catkin_cmake_args': None, 'catkin_skip_building_tests': False, 'cmake_args': None, 'cmake_clean_cache': False, 'cmake_clean_first': False, 'cmake_force_configure': False, 'cmake_target': None, 'cmake_target_skip_unavailable': False, 'install_base': '/home/assia/sy31_ws/install/detection_objets', 'merge_install': False, 'path': '/home/assia/sy31_ws/src/detection_objets', 'symlink_install': False, 'test_result_base': None}
[8.840s] INFO:colcon.colcon_core.executor:Executing jobs using 'parallel' executor
[8.858s] DEBUG:colcon.colcon_parallel_executor.executor.parallel:run_until_complete
[8.869s] INFO:colcon.colcon_ros.task.ament_python.build:Building ROS package in '/home/assia/sy31_ws/src/detection_objets' with build type 'ament_python'
[8.872s] Level 1:colcon.colcon_core.shell:create_environment_hook('detection_objets', 'ament_prefix_path')
[8.929s] INFO:colcon.colcon_core.plugin_system:Skipping extension 'colcon_core.shell.bat': Not used on non-Windows systems
[8.933s] INFO:colcon.colcon_core.shell:Creating environment hook '/home/assia/sy31_ws/install/detection_objets/share/detection_objets/hook/ament_prefix_path.ps1'
[8.965s] INFO:colcon.colcon_core.shell:Creating environment descriptor '/home/assia/sy31_ws/install/detection_objets/share/detection_objets/hook/ament_prefix_path.dsv'
[8.976s] INFO:colcon.colcon_core.shell:Creating environment hook '/home/assia/sy31_ws/install/detection_objets/share/detection_objets/hook/ament_prefix_path.sh'
[8.988s] INFO:colcon.colcon_core.shell:Skip shell extension 'powershell' for command environment: Not usable outside of PowerShell
[8.989s] DEBUG:colcon.colcon_core.shell:Skip shell extension 'dsv' for command environment
[14.760s] INFO:colcon.colcon_core.task.python.build:Building Python package in '/home/assia/sy31_ws/src/detection_objets'
[14.762s] INFO:colcon.colcon_core.shell:Skip shell extension 'powershell' for command environment: Not usable outside of PowerShell
[14.763s] DEBUG:colcon.colcon_core.shell:Skip shell extension 'dsv' for command environment
[27.734s] DEBUG:colcon.colcon_core.event_handler.log_command:Invoking command in '/home/assia/sy31_ws/src/detection_objets': PYTHONPATH=/home/assia/sy31_ws/build/detection_objets/prefix_override:/usr/lib/python3/dist-packages/colcon_core/task/python/colcon_distutils_commands:/home/assia/sy31_ws/install/detection_objets/lib/python3.12/site-packages:${PYTHONPATH} /usr/bin/python3 -W ignore:setup.py install is deprecated -W ignore:easy_install command is deprecated setup.py egg_info --egg-base ../../build/detection_objets build --build-base /home/assia/sy31_ws/build/detection_objets/build install --record /home/assia/sy31_ws/build/detection_objets/install.log --single-version-externally-managed install_data
[40.699s] DEBUG:colcon.colcon_core.event_handler.log_command:Invoked command in '/home/assia/sy31_ws/src/detection_objets' returned '0': PYTHONPATH=/home/assia/sy31_ws/build/detection_objets/prefix_override:/usr/lib/python3/dist-packages/colcon_core/task/python/colcon_distutils_commands:/home/assia/sy31_ws/install/detection_objets/lib/python3.12/site-packages:${PYTHONPATH} /usr/bin/python3 -W ignore:setup.py install is deprecated -W ignore:easy_install command is deprecated setup.py egg_info --egg-base ../../build/detection_objets build --build-base /home/assia/sy31_ws/build/detection_objets/build install --record /home/assia/sy31_ws/build/detection_objets/install.log --single-version-externally-managed install_data
[40.735s] Level 1:colcon.colcon_core.environment:checking '/home/assia/sy31_ws/install/detection_objets' for CMake module files
[40.742s] Level 1:colcon.colcon_core.environment:checking '/home/assia/sy31_ws/install/detection_objets' for CMake config files
[40.756s] Level 1:colcon.colcon_core.environment:checking '/home/assia/sy31_ws/install/detection_objets/lib'
[40.758s] Level 1:colcon.colcon_core.environment:checking '/home/assia/sy31_ws/install/detection_objets/bin'
[40.760s] Level 1:colcon.colcon_core.environment:checking '/home/assia/sy31_ws/install/detection_objets/lib/pkgconfig/detection_objets.pc'
[40.763s] Level 1:colcon.colcon_core.environment:checking '/home/assia/sy31_ws/install/detection_objets/lib/python3.12/site-packages'
[40.765s] Level 1:colcon.colcon_core.shell:create_environment_hook('detection_objets', 'pythonpath')
[40.767s] INFO:colcon.colcon_core.shell:Creating environment hook '/home/assia/sy31_ws/install/detection_objets/share/detection_objets/hook/pythonpath.ps1'
[40.773s] INFO:colcon.colcon_core.shell:Creating environment descriptor '/home/assia/sy31_ws/install/detection_objets/share/detection_objets/hook/pythonpath.dsv'
[40.777s] INFO:colcon.colcon_core.shell:Creating environment hook '/home/assia/sy31_ws/install/detection_objets/share/detection_objets/hook/pythonpath.sh'
[40.795s] Level 1:colcon.colcon_core.environment:checking '/home/assia/sy31_ws/install/detection_objets/bin'
[40.797s] Level 1:colcon.colcon_core.environment:create_environment_scripts_only(detection_objets)
[40.800s] INFO:colcon.colcon_core.shell:Creating package script '/home/assia/sy31_ws/install/detection_objets/share/detection_objets/package.ps1'
[40.813s] INFO:colcon.colcon_core.shell:Creating package descriptor '/home/assia/sy31_ws/install/detection_objets/share/detection_objets/package.dsv'
[40.821s] INFO:colcon.colcon_core.shell:Creating package script '/home/assia/sy31_ws/install/detection_objets/share/detection_objets/package.sh'
[40.830s] INFO:colcon.colcon_core.shell:Creating package script '/home/assia/sy31_ws/install/detection_objets/share/detection_objets/package.bash'
[40.840s] INFO:colcon.colcon_core.shell:Creating package script '/home/assia/sy31_ws/install/detection_objets/share/detection_objets/package.zsh'
[40.847s] Level 1:colcon.colcon_core.environment:create_file_with_runtime_dependencies(/home/assia/sy31_ws/install/detection_objets/share/colcon-core/packages/detection_objets)
[40.853s] DEBUG:colcon.colcon_parallel_executor.executor.parallel:closing loop
[40.862s] DEBUG:colcon.colcon_parallel_executor.executor.parallel:loop closed
[40.867s] DEBUG:colcon.colcon_parallel_executor.executor.parallel:run_until_complete finished with '0'
[40.868s] DEBUG:colcon.colcon_core.event_reactor:joining thread
[41.428s] INFO:colcon.colcon_core.plugin_system:Skipping extension 'colcon_notification.desktop_notification.notify_send': Could not find 'notify-send'
[41.431s] INFO:colcon.colcon_core.plugin_system:Skipping extension 'colcon_notification.desktop_notification.terminal_notifier': Not used on non-Darwin systems
[41.433s] INFO:colcon.colcon_core.plugin_system:Skipping extension 'colcon_notification.desktop_notification.win32': Not used on non-Windows systems
[41.435s] INFO:colcon.colcon_notification.desktop_notification:Sending desktop notification using 'notify2'
[41.456s] DEBUG:colcon.colcon_notification.desktop_notification.notify2:Failed to initialize notify2: org.freedesktop.DBus.Error.ServiceUnknown: The name org.freedesktop.Notifications was not provided by any .service files
[41.459s] DEBUG:colcon.colcon_core.event_reactor:joined thread
[41.465s] INFO:colcon.colcon_core.shell:Creating prefix script '/home/assia/sy31_ws/install/local_setup.ps1'
[41.489s] INFO:colcon.colcon_core.shell:Creating prefix util module '/home/assia/sy31_ws/install/_local_setup_util_ps1.py'
[41.513s] INFO:colcon.colcon_core.shell:Creating prefix chain script '/home/assia/sy31_ws/install/setup.ps1'
[41.553s] INFO:colcon.colcon_core.shell:Creating prefix script '/home/assia/sy31_ws/install/local_setup.sh'
[41.574s] INFO:colcon.colcon_core.shell:Creating prefix util module '/home/assia/sy31_ws/install/_local_setup_util_sh.py'
[41.592s] INFO:colcon.colcon_core.shell:Creating prefix chain script '/home/assia/sy31_ws/install/setup.sh'
[41.610s] INFO:colcon.colcon_core.shell:Creating prefix script '/home/assia/sy31_ws/install/local_setup.bash'
[41.619s] INFO:colcon.colcon_core.shell:Creating prefix chain script '/home/assia/sy31_ws/install/setup.bash'
[41.634s] INFO:colcon.colcon_core.shell:Creating prefix script '/home/assia/sy31_ws/install/local_setup.zsh'
[41.646s] INFO:colcon.colcon_core.shell:Creating prefix chain script '/home/assia/sy31_ws/install/setup.zsh'
