[1.789s] Invoking command in '/home/assia/sy31_ws/src/detection_objets': PYTHONPATH=/home/assia/sy31_ws/build/detection_objets/prefix_override:/usr/lib/python3/dist-packages/colcon_core/task/python/colcon_distutils_commands:/home/assia/sy31_ws/install/detection_objets/lib/python3.12/site-packages:${PYTHONPATH} /usr/bin/python3 -W ignore:setup.py install is deprecated -W ignore:easy_install command is deprecated setup.py egg_info --egg-base ../../build/detection_objets build --build-base /home/assia/sy31_ws/build/detection_objets/build install --record /home/assia/sy31_ws/build/detection_objets/install.log --single-version-externally-managed install_data
[2.309s] running egg_info
[2.344s] writing ../../build/detection_objets/detection_objets.egg-info/PKG-INFO
[2.346s] writing dependency_links to ../../build/detection_objets/detection_objets.egg-info/dependency_links.txt
[2.346s] writing entry points to ../../build/detection_objets/detection_objets.egg-info/entry_points.txt
[2.347s] writing requirements to ../../build/detection_objets/detection_objets.egg-info/requires.txt
[2.347s] writing top-level names to ../../build/detection_objets/detection_objets.egg-info/top_level.txt
[2.421s] reading manifest file '../../build/detection_objets/detection_objets.egg-info/SOURCES.txt'
[2.422s] writing manifest file '../../build/detection_objets/detection_objets.egg-info/SOURCES.txt'
[2.422s] running build
[2.423s] running build_py
[2.424s] copying detection_objets/node_camera.py -> /home/assia/sy31_ws/build/detection_objets/build/lib/detection_objets
[2.425s] running install
[2.434s] running install_lib
[2.469s] copying /home/assia/sy31_ws/build/detection_objets/build/lib/detection_objets/node_camera.py -> /home/assia/sy31_ws/install/detection_objets/lib/python3.12/site-packages/detection_objets
[2.470s] byte-compiling /home/assia/sy31_ws/install/detection_objets/lib/python3.12/site-packages/detection_objets/node_camera.py to node_camera.cpython-312.pyc
[2.473s] running install_data
[2.473s] running install_egg_info
[2.516s] removing '/home/assia/sy31_ws/install/detection_objets/lib/python3.12/site-packages/detection_objets-0.0.0-py3.12.egg-info' (and everything under it)
[2.516s] Copying ../../build/detection_objets/detection_objets.egg-info to /home/assia/sy31_ws/install/detection_objets/lib/python3.12/site-packages/detection_objets-0.0.0-py3.12.egg-info
[2.519s] running install_scripts
[2.800s] Installing camera_node script to /home/assia/sy31_ws/install/detection_objets/lib/detection_objets
[2.801s] writing list of installed files to '/home/assia/sy31_ws/build/detection_objets/install.log'
[2.851s] Invoked command in '/home/assia/sy31_ws/src/detection_objets' returned '0': PYTHONPATH=/home/assia/sy31_ws/build/detection_objets/prefix_override:/usr/lib/python3/dist-packages/colcon_core/task/python/colcon_distutils_commands:/home/assia/sy31_ws/install/detection_objets/lib/python3.12/site-packages:${PYTHONPATH} /usr/bin/python3 -W ignore:setup.py install is deprecated -W ignore:easy_install command is deprecated setup.py egg_info --egg-base ../../build/detection_objets build --build-base /home/assia/sy31_ws/build/detection_objets/build install --record /home/assia/sy31_ws/build/detection_objets/install.log --single-version-externally-managed install_data
